#
# There is insufficient memory for the Java Runtime Environment to continue.
# Native memory allocation (malloc) failed to allocate 1840064 bytes for Chunk::new
# Possible reasons:
#   The system is out of physical RAM or swap space
#   In 32 bit mode, the process size limit was hit
# Possible solutions:
#   Reduce memory load on the system
#   Increase physical memory or swap space
#   Check if swap backing store is full
#   Use 64 bit Java on a 64 bit OS
#   Decrease Java heap size (-Xmx/-Xms)
#   Decrease number of Java threads
#   Decrease Java thread stack sizes (-Xss)
#   Set larger code cache with -XX:ReservedCodeCacheSize=
# This output file may be truncated or incomplete.
#
#  Out of Memory Error (allocation.cpp:390), pid=12760, tid=13320
#
# JRE version: Java(TM) SE Runtime Environment (8.0_91-b15) (build 1.8.0_91-b15)
# Java VM: Java HotSpot(TM) 64-Bit Server VM (25.91-b15 mixed mode windows-amd64 compressed oops)
# Failed to write core dump. Minidumps are not enabled by default on client versions of Windows
#

---------------  T H R E A D  ---------------

Current thread (0x0000000017d9e000):  JavaThread "C2 CompilerThread0" daemon [_thread_in_native, id=13320, stack(0x0000000019520000,0x0000000019620000)]

Stack: [0x0000000019520000,0x0000000019620000]
[error occurred during error reporting (printing stack bounds), id 0xc0000005]

Native frames: (J=compiled Java code, j=interpreted, Vv=VM code, C=native code)


Current CompileTask:
C2:   3406 1471       4       java.net.URLClassLoader$1::run (5 bytes)


---------------  P R O C E S S  ---------------

Java Threads: ( => current thread )
  0x000000001adab000 JavaThread "Stdin handler" [_thread_blocked, id=7940, stack(0x000000001c700000,0x000000001c800000)]
  0x000000001adaa800 JavaThread "Asynchronous log dispatcher for org.gradle.launcher.daemon.server.DefaultDaemonConnection@7316b254" [_thread_blocked, id=12136, stack(0x000000001c600000,0x000000001c700000)]
  0x000000001ada2800 JavaThread "Daemon worker" [_thread_in_native, id=7864, stack(0x000000001c500000,0x000000001c600000)]
  0x000000001a8fa000 JavaThread "Cancel handler" [_thread_blocked, id=10776, stack(0x000000001c400000,0x000000001c500000)]
  0x000000001b1f0800 JavaThread "Handler for socket connection from /127.0.0.1:19245 to /127.0.0.1:19246" [_thread_in_native, id=9512, stack(0x000000001c300000,0x000000001c400000)]
  0x000000001aa4e800 JavaThread "Daemon" [_thread_blocked, id=2668, stack(0x000000001c200000,0x000000001c300000)]
  0x000000001aa1e800 JavaThread "Incoming local TCP Connector on port 19245" [_thread_in_native, id=3176, stack(0x000000001bb30000,0x000000001bc30000)]
  0x000000001ac33800 JavaThread "pool-1-thread-1" [_thread_blocked, id=12116, stack(0x000000001a640000,0x000000001a740000)]
  0x0000000017dfe800 JavaThread "Service Thread" daemon [_thread_blocked, id=11816, stack(0x0000000019c20000,0x0000000019d20000)]
  0x0000000017daf000 JavaThread "C1 CompilerThread2" daemon [_thread_blocked, id=204, stack(0x0000000019720000,0x0000000019820000)]
  0x0000000017da0800 JavaThread "C2 CompilerThread1" daemon [_thread_in_native, id=12960, stack(0x0000000019620000,0x0000000019720000)]
=>0x0000000017d9e000 JavaThread "C2 CompilerThread0" daemon [_thread_in_native, id=13320, stack(0x0000000019520000,0x0000000019620000)]
  0x0000000017d9d000 JavaThread "Attach Listener" daemon [_thread_blocked, id=14592, stack(0x0000000019420000,0x0000000019520000)]
  0x0000000017d9c000 JavaThread "Signal Dispatcher" daemon [_thread_blocked, id=10040, stack(0x0000000019320000,0x0000000019420000)]
  0x0000000017d8a800 JavaThread "Finalizer" daemon [_thread_blocked, id=6704, stack(0x0000000019030000,0x0000000019130000)]
  0x0000000017d69000 JavaThread "Reference Handler" daemon [_thread_blocked, id=13160, stack(0x0000000018f30000,0x0000000019030000)]
  0x000000000420d800 JavaThread "main" [_thread_blocked, id=7968, stack(0x0000000004230000,0x0000000004330000)]

Other Threads:
  0x0000000017d67000 VMThread [stack: 0x0000000018e30000,0x0000000018f30000] [id=14684]
  0x0000000017dee800 WatcherThread [stack: 0x0000000019d20000,0x0000000019e20000] [id=5968]

VM state:not at safepoint (normal execution)

VM Mutex/Monitor currently owned by a thread: None

Heap:
 PSYoungGen      total 28672K, used 16515K [0x00000000e0000000, 0x00000000e3800000, 0x0000000100000000)
  eden space 24576K, 50% used [0x00000000e0000000,0x00000000e0c24df8,0x00000000e1800000)
  from space 4096K, 99% used [0x00000000e1c00000,0x00000000e1ffc010,0x00000000e2000000)
  to   space 4096K, 0% used [0x00000000e1800000,0x00000000e1800000,0x00000000e1c00000)
 ParOldGen       total 65536K, used 6041K [0x00000000a0000000, 0x00000000a4000000, 0x00000000e0000000)
  object space 65536K, 9% used [0x00000000a0000000,0x00000000a05e6590,0x00000000a4000000)
 Metaspace       used 19497K, capacity 19878K, committed 20224K, reserved 1067008K
  class space    used 2584K, capacity 2719K, committed 2816K, reserved 1048576K

Card table byte_map: [0x00000000137f0000,0x0000000013b00000] byte_map_base: 0x00000000132f0000

Marking Bits: (ParMarkBitMap*) 0x0000000055872f70
 Begin Bits: [0x0000000014100000, 0x0000000015900000)
 End Bits:   [0x0000000015900000, 0x0000000017100000)

Polling page: 0x00000000041a0000

CodeCache: size=245760Kb used=6577Kb max_used=6577Kb free=239182Kb
 bounds [0x0000000004430000, 0x0000000004aa0000, 0x0000000013430000]
 total_blobs=2278 nmethods=1657 adapters=532
 compilation: disabled (not enough contiguous free space left)

Compilation events (10 events):
Event: 3.388 Thread 0x0000000017daf000 1665       3       java.util.regex.Pattern$Node::study (21 bytes)
Event: 3.388 Thread 0x0000000017daf000 nmethod 1665 0x0000000004a9ca50 code [0x0000000004a9cbc0, 0x0000000004a9ce28]
Event: 3.388 Thread 0x0000000017daf000 1666       3       org.objectweb.asm.Type::getInternalName (20 bytes)
Event: 3.389 Thread 0x0000000017daf000 nmethod 1666 0x0000000004a9cf10 code [0x0000000004a9d080, 0x0000000004a9d288]
Event: 3.390 Thread 0x0000000017daf000 1667       3       org.objectweb.asm.Type::getDescriptor (18 bytes)
Event: 3.390 Thread 0x0000000017daf000 nmethod 1667 0x0000000004a9d350 code [0x0000000004a9d4e0, 0x0000000004a9d918]
Event: 3.390 Thread 0x0000000017daf000 1668       3       org.objectweb.asm.Type::getType (107 bytes)
Event: 3.391 Thread 0x0000000017daf000 nmethod 1668 0x0000000004a9dad0 code [0x0000000004a9dd00, 0x0000000004a9e828]
Event: 3.391 Thread 0x0000000017daf000 1669       3       org.objectweb.asm.Type::a (87 bytes)
Event: 3.394 Thread 0x0000000017daf000 


GC Heap History (8 events):
Event: 0.740 GC heap before
{Heap before GC invocations=1 (full 0):
 PSYoungGen      total 28672K, used 24576K [0x00000000e0000000, 0x00000000e2000000, 0x0000000100000000)
  eden space 24576K, 100% used [0x00000000e0000000,0x00000000e1800000,0x00000000e1800000)
  from space 4096K, 0% used [0x00000000e1c00000,0x00000000e1c00000,0x00000000e2000000)
  to   space 4096K, 0% used [0x00000000e1800000,0x00000000e1800000,0x00000000e1c00000)
 ParOldGen       total 65536K, used 0K [0x00000000a0000000, 0x00000000a4000000, 0x00000000e0000000)
  object space 65536K, 0% used [0x00000000a0000000,0x00000000a0000000,0x00000000a4000000)
 Metaspace       used 5730K, capacity 6200K, committed 6528K, reserved 1056768K
  class space    used 735K, capacity 792K, committed 896K, reserved 1048576K
Event: 0.744 GC heap after
Heap after GC invocations=1 (full 0):
 PSYoungGen      total 28672K, used 3192K [0x00000000e0000000, 0x00000000e2000000, 0x0000000100000000)
  eden space 24576K, 0% used [0x00000000e0000000,0x00000000e0000000,0x00000000e1800000)
  from space 4096K, 77% used [0x00000000e1800000,0x00000000e1b1e280,0x00000000e1c00000)
  to   space 4096K, 0% used [0x00000000e1c00000,0x00000000e1c00000,0x00000000e2000000)
 ParOldGen       total 65536K, used 8K [0x00000000a0000000, 0x00000000a4000000, 0x00000000e0000000)
  object space 65536K, 0% used [0x00000000a0000000,0x00000000a0002000,0x00000000a4000000)
 Metaspace       used 5730K, capacity 6200K, committed 6528K, reserved 1056768K
  class space    used 735K, capacity 792K, committed 896K, reserved 1048576K
}
Event: 1.804 GC heap before
{Heap before GC invocations=2 (full 0):
 PSYoungGen      total 28672K, used 27768K [0x00000000e0000000, 0x00000000e2000000, 0x0000000100000000)
  eden space 24576K, 100% used [0x00000000e0000000,0x00000000e1800000,0x00000000e1800000)
  from space 4096K, 77% used [0x00000000e1800000,0x00000000e1b1e280,0x00000000e1c00000)
  to   space 4096K, 0% used [0x00000000e1c00000,0x00000000e1c00000,0x00000000e2000000)
 ParOldGen       total 65536K, used 8K [0x00000000a0000000, 0x00000000a4000000, 0x00000000e0000000)
  object space 65536K, 0% used [0x00000000a0000000,0x00000000a0002000,0x00000000a4000000)
 Metaspace       used 10008K, capacity 10234K, committed 10368K, reserved 1058816K
  class space    used 1298K, capacity 1381K, committed 1408K, reserved 1048576K
Event: 1.810 GC heap after
Heap after GC invocations=2 (full 0):
 PSYoungGen      total 28672K, used 4085K [0x00000000e0000000, 0x00000000e2000000, 0x0000000100000000)
  eden space 24576K, 0% used [0x00000000e0000000,0x00000000e0000000,0x00000000e1800000)
  from space 4096K, 99% used [0x00000000e1c00000,0x00000000e1ffd798,0x00000000e2000000)
  to   space 4096K, 0% used [0x00000000e1800000,0x00000000e1800000,0x00000000e1c00000)
 ParOldGen       total 65536K, used 40K [0x00000000a0000000, 0x00000000a4000000, 0x00000000e0000000)
  object space 65536K, 0% used [0x00000000a0000000,0x00000000a000a000,0x00000000a4000000)
 Metaspace       used 10008K, capacity 10234K, committed 10368K, reserved 1058816K
  class space    used 1298K, capacity 1381K, committed 1408K, reserved 1048576K
}
Event: 2.295 GC heap before
{Heap before GC invocations=3 (full 0):
 PSYoungGen      total 28672K, used 28661K [0x00000000e0000000, 0x00000000e2000000, 0x0000000100000000)
  eden space 24576K, 100% used [0x00000000e0000000,0x00000000e1800000,0x00000000e1800000)
  from space 4096K, 99% used [0x00000000e1c00000,0x00000000e1ffd798,0x00000000e2000000)
  to   space 4096K, 0% used [0x00000000e1800000,0x00000000e1800000,0x00000000e1c00000)
 ParOldGen       total 65536K, used 40K [0x00000000a0000000, 0x00000000a4000000, 0x00000000e0000000)
  object space 65536K, 0% used [0x00000000a0000000,0x00000000a000a000,0x00000000a4000000)
 Metaspace       used 13412K, capacity 13732K, committed 14080K, reserved 1060864K
  class space    used 1832K, capacity 1938K, committed 2048K, reserved 1048576K
Event: 2.304 GC heap after
Heap after GC invocations=3 (full 0):
 PSYoungGen      total 28672K, used 4094K [0x00000000e0000000, 0x00000000e2000000, 0x0000000100000000)
  eden space 24576K, 0% used [0x00000000e0000000,0x00000000e0000000,0x00000000e1800000)
  from space 4096K, 99% used [0x00000000e1800000,0x00000000e1bffa28,0x00000000e1c00000)
  to   space 4096K, 0% used [0x00000000e1c00000,0x00000000e1c00000,0x00000000e2000000)
 ParOldGen       total 65536K, used 1939K [0x00000000a0000000, 0x00000000a4000000, 0x00000000e0000000)
  object space 65536K, 2% used [0x00000000a0000000,0x00000000a01e4fc8,0x00000000a4000000)
 Metaspace       used 13412K, capacity 13732K, committed 14080K, reserved 1060864K
  class space    used 1832K, capacity 1938K, committed 2048K, reserved 1048576K
}
Event: 2.888 GC heap before
{Heap before GC invocations=4 (full 0):
 PSYoungGen      total 28672K, used 28670K [0x00000000e0000000, 0x00000000e2000000, 0x0000000100000000)
  eden space 24576K, 100% used [0x00000000e0000000,0x00000000e1800000,0x00000000e1800000)
  from space 4096K, 99% used [0x00000000e1800000,0x00000000e1bffa28,0x00000000e1c00000)
  to   space 4096K, 0% used [0x00000000e1c00000,0x00000000e1c00000,0x00000000e2000000)
 ParOldGen       total 65536K, used 1939K [0x00000000a0000000, 0x00000000a4000000, 0x00000000e0000000)
  object space 65536K, 2% used [0x00000000a0000000,0x00000000a01e4fc8,0x00000000a4000000)
 Metaspace       used 18141K, capacity 18428K, committed 18816K, reserved 1064960K
  class space    used 2472K, capacity 2582K, committed 2688K, reserved 1048576K
Event: 2.906 GC heap after
Heap after GC invocations=4 (full 0):
 PSYoungGen      total 28672K, used 4080K [0x00000000e0000000, 0x00000000e3800000, 0x0000000100000000)
  eden space 24576K, 0% used [0x00000000e0000000,0x00000000e0000000,0x00000000e1800000)
  from space 4096K, 99% used [0x00000000e1c00000,0x00000000e1ffc010,0x00000000e2000000)
  to   space 4096K, 0% used [0x00000000e1800000,0x00000000e1800000,0x00000000e1c00000)
 ParOldGen       total 65536K, used 6041K [0x00000000a0000000, 0x00000000a4000000, 0x00000000e0000000)
  object space 65536K, 9% used [0x00000000a0000000,0x00000000a05e6590,0x00000000a4000000)
 Metaspace       used 18141K, capacity 18428K, committed 18816K, reserved 1064960K
  class space    used 2472K, capacity 2582K, committed 2688K, reserved 1048576K
}

Deoptimization events (10 events):
Event: 2.785 Thread 0x000000001ada2800 Uncommon trap: reason=unstable_if action=reinterpret pc=0x000000000465f7d8 method=java.lang.AbstractStringBuilder.append(Ljava/lang/String;)Ljava/lang/AbstractStringBuilder; @ 1
Event: 3.172 Thread 0x000000001ada2800 Uncommon trap: reason=bimorphic action=maybe_recompile pc=0x0000000004883ea4 method=java.lang.ClassLoader.loadClass(Ljava/lang/String;Z)Ljava/lang/Class; @ 38
Event: 3.172 Thread 0x000000001ada2800 Uncommon trap: reason=bimorphic action=maybe_recompile pc=0x0000000004883ea4 method=java.lang.ClassLoader.loadClass(Ljava/lang/String;Z)Ljava/lang/Class; @ 38
Event: 3.174 Thread 0x000000001ada2800 Uncommon trap: reason=class_check action=maybe_recompile pc=0x00000000045f0128 method=sun.misc.URLClassPath.getLoader(I)Lsun/misc/URLClassPath$Loader; @ 94
Event: 3.174 Thread 0x000000001ada2800 Uncommon trap: reason=class_check action=maybe_recompile pc=0x00000000047210ec method=sun.misc.URLClassPath.getResource(Ljava/lang/String;Z)Lsun/misc/Resource; @ 62
Event: 3.177 Thread 0x000000001ada2800 Uncommon trap: reason=bimorphic action=maybe_recompile pc=0x0000000004883ea4 method=java.lang.ClassLoader.loadClass(Ljava/lang/String;Z)Ljava/lang/Class; @ 38
Event: 3.177 Thread 0x000000001ada2800 Uncommon trap: reason=bimorphic action=maybe_recompile pc=0x0000000004883ea4 method=java.lang.ClassLoader.loadClass(Ljava/lang/String;Z)Ljava/lang/Class; @ 38
Event: 3.203 Thread 0x000000001ada2800 Uncommon trap: reason=class_check action=maybe_recompile pc=0x00000000045f02bc method=sun.misc.URLClassPath.getLoader(I)Lsun/misc/URLClassPath$Loader; @ 193
Event: 3.219 Thread 0x000000001ada2800 Uncommon trap: reason=class_check action=maybe_recompile pc=0x00000000045f02bc method=sun.misc.URLClassPath.getLoader(I)Lsun/misc/URLClassPath$Loader; @ 193
Event: 3.235 Thread 0x000000001ada2800 Uncommon trap: reason=class_check action=maybe_recompile pc=0x00000000045f02bc method=sun.misc.URLClassPath.getLoader(I)Lsun/misc/URLClassPath$Loader; @ 193

Internal exceptions (10 events):
Event: 3.347 Thread 0x000000001ada2800 Exception <a 'java/lang/ClassNotFoundException': org/gradle/invocation/DefaultGradle_DecoratedBeanInfo> (0x00000000e09b6a10) thrown at [C:\re\workspace\8-2-build-windows-amd64-cygwin\jdk8u91\7017\hotspot\src\share\vm\classfile\systemDictionary.cpp, line 21?L|³^È
@
Event: 3.348 Thread 0x000000001ada2800 Exception <a 'java/lang/ClassNotFoundException': org/gradle/invocation/DefaultGradleBeanInfo> (0x00000000e09d1608) thrown at [C:\re\workspace\8-2-build-windows-amd64-cygwin\jdk8u91\7017\hotspot\src\share\vm\classfile\systemDictionary.cpp, line 210]
Event: 3.349 Thread 0x000000001ada2800 Exception <a 'java/lang/ClassNotFoundException': org/gradle/api/internal/project/AbstractPluginAwareBeanInfo> (0x00000000e09f1ce0) thrown at [C:\re\workspace\8-2-build-windows-amd64-cygwin\jdk8u91\7017\hotspot\src\share\vm\classfile\systemDictionary.cpp, l-òûdË
@
Event: 3.349 Thread 0x000000001ada2800 Exception <a 'java/lang/ClassNotFoundException': org/gradle/api/internal/project/AbstractPluginAwareCustomizer> (0x00000000e0a12b88) thrown at [C:\re\workspace\8-2-build-windows-amd64-cygwin\jdk8u91\7017\hotspot\src\share\vm\classfile\systemDictionary.cpp,uú¹{Ï
@
Event: 3.351 Thread 0x000000001ada2800 Exception <a 'java/lang/ClassNotFoundException': org/gradle/invocation/DefaultGradleCustomizer> (0x00000000e0a34158) thrown at [C:\re\workspace\8-2-build-windows-amd64-cygwin\jdk8u91\7017\hotspot\src\share\vm\classfile\systemDictionary.cpp, line 210]
Event: 3.355 Thread 0x000000001ada2800 Exception <a 'java/lang/ClassNotFoundException': org/gradle/invocation/DefaultGradle_DecoratedCustomizer> (0x00000000e0a75970) thrown at [C:\re\workspace\8-2-build-windows-amd64-cygwin\jdk8u91\7017\hotspot\src\share\vm\classfile\systemDictionary.cpp, line 8¿Ã‚ô
@
Event: 3.369 Thread 0x000000001ada2800 Exception <a 'java/lang/NoSuchMethodError': <clinit>> (0x00000000e0af7c70) thrown at [C:\re\workspace\8-2-build-windows-amd64-cygwin\jdk8u91\7017\hotspot\src\share\vm\prims\jni.cpp, line 1613]
Event: 3.372 Thread 0x000000001ada2800 Exception <a 'java/lang/NoSuchMethodError': <clinit>> (0x00000000e0b156c8) thrown at [C:\re\workspace\8-2-build-windows-amd64-cygwin\jdk8u91\7017\hotspot\src\share\vm\prims\jni.cpp, line 1613]
Event: 3.373 Thread 0x000000001ada2800 Exception <a 'java/lang/NoSuchMethodError': <clinit>> (0x00000000e0b167b0) thrown at [C:\re\workspace\8-2-build-windows-amd64-cygwin\jdk8u91\7017\hotspot\src\share\vm\prims\jni.cpp, line 1613]
Event: 3.373 Thread 0x000000001ada2800 Exception <a 'java/lang/NoSuchMethodError': <clinit>> (0x00000000e0b18140) thrown at [C:\re\workspace\8-2-build-windows-amd64-cygwin\jdk8u91\7017\hotspot\src\share\vm\prims\jni.cpp, line 1613]

Events (10 events):
Event: 3.399 loading class org/gradle/util/GUtil$1
Event: 3.399 loading class org/gradle/util/GUtil$1 done
Event: 3.400 loading class org/gradle/configuration/InitialPassSettingScriptTarget
Event: 3.400 loading class org/gradle/configuration/InitialPassSettingScriptTarget done
Event: 3.400 loading class org/gradle/configuration/SettingScriptTarget
Event: 3.400 loading class org/gradle/configuration/SettingScriptTarget done
Event: 3.400 loading class org/gradle/initialization/InitialPassSettingsScript
Event: 3.400 loading class org/gradle/initialization/InitialPassSettingsScript done
Event: 3.401 loading class org/gradle/initialization/SettingsScript
Event: 3.401 loading class org/gradle/initialization/SettingsScript done


Dynamic libraries:
0x00007ff777120000 - 0x00007ff777157000 	C:\Program Files\Java\jdk1.8.0_91\bin\java.exe
0x00007ffdac0b0000 - 0x00007ffdac290000 	C:\WINDOWS\SYSTEM32\ntdll.dll
0x00007ffdabf60000 - 0x00007ffdac00e000 	C:\WINDOWS\System32\KERNEL32.DLL
0x00007ffda8560000 - 0x00007ffda87c6000 	C:\WINDOWS\System32\KERNELBASE.dll
0x00007ffdab8f0000 - 0x00007ffdab991000 	C:\WINDOWS\System32\ADVAPI32.dll
0x00007ffdabe60000 - 0x00007ffdabefd000 	C:\WINDOWS\System32\msvcrt.dll
0x00007ffdab430000 - 0x00007ffdab48b000 	C:\WINDOWS\System32\sechost.dll
0x00007ffdab720000 - 0x00007ffdab83f000 	C:\WINDOWS\System32\RPCRT4.dll
0x00007ffdaac60000 - 0x00007ffdaadef000 	C:\WINDOWS\System32\USER32.dll
0x00007ffda8c40000 - 0x00007ffda8c60000 	C:\WINDOWS\System32\win32u.dll
0x00007ffdab840000 - 0x00007ffdab868000 	C:\WINDOWS\System32\GDI32.dll
0x00007ffda8a00000 - 0x00007ffda8b93000 	C:\WINDOWS\System32\gdi32full.dll
0x00007ffda8ba0000 - 0x00007ffda8c3b000 	C:\WINDOWS\System32\msvcp_win.dll
0x00007ffda8900000 - 0x00007ffda89f6000 	C:\WINDOWS\System32\ucrtbase.dll
0x00007ffd95620000 - 0x00007ffd95889000 	C:\WINDOWS\WinSxS\amd64_microsoft.windows.common-controls_6595b64144ccf1df_6.0.16299.431_none_15c7d3ee93659e73\COMCTL32.dll
0x00007ffdabaf0000 - 0x00007ffdabdf8000 	C:\WINDOWS\System32\combase.dll
0x00007ffda87d0000 - 0x00007ffda8842000 	C:\WINDOWS\System32\bcryptPrimitives.dll
0x00007ffdaac30000 - 0x00007ffdaac5d000 	C:\WINDOWS\System32\IMM32.DLL
0x0000000056080000 - 0x0000000056152000 	C:\Program Files\Java\jdk1.8.0_91\jre\bin\msvcr100.dll
0x0000000055060000 - 0x00000000558f3000 	C:\Program Files\Java\jdk1.8.0_91\jre\bin\server\jvm.dll
0x00007ffdaadf0000 - 0x00007ffdaadf8000 	C:\WINDOWS\System32\PSAPI.DLL
0x00007ffda6f00000 - 0x00007ffda6f0a000 	C:\WINDOWS\SYSTEM32\VERSION.dll
0x00007ffda6480000 - 0x00007ffda64a3000 	C:\WINDOWS\SYSTEM32\WINMM.dll
0x00007ffd98320000 - 0x00007ffd98329000 	C:\WINDOWS\SYSTEM32\WSOCK32.dll
0x00007ffdac010000 - 0x00007ffdac07c000 	C:\WINDOWS\System32\WS2_32.dll
0x00007ffda6420000 - 0x00007ffda644a000 	C:\WINDOWS\SYSTEM32\WINMMBASE.dll
0x00007ffda84b0000 - 0x00007ffda84fa000 	C:\WINDOWS\System32\cfgmgr32.dll
0x0000000056070000 - 0x000000005607f000 	C:\Program Files\Java\jdk1.8.0_91\jre\bin\verify.dll
0x0000000056040000 - 0x0000000056069000 	C:\Program Files\Java\jdk1.8.0_91\jre\bin\java.dll
0x0000000056020000 - 0x0000000056036000 	C:\Program Files\Java\jdk1.8.0_91\jre\bin\zip.dll
0x00007ffda9650000 - 0x00007ffdaaa88000 	C:\WINDOWS\System32\SHELL32.dll
0x00007ffdaba40000 - 0x00007ffdabae6000 	C:\WINDOWS\System32\shcore.dll
0x00007ffda8e30000 - 0x00007ffda9577000 	C:\WINDOWS\System32\windows.storage.dll
0x00007ffdabf00000 - 0x00007ffdabf51000 	C:\WINDOWS\System32\shlwapi.dll
0x00007ffda8490000 - 0x00007ffda84a1000 	C:\WINDOWS\System32\kernel.appcore.dll
0x00007ffda8440000 - 0x00007ffda848c000 	C:\WINDOWS\System32\powrprof.dll
0x00007ffda8400000 - 0x00007ffda841b000 	C:\WINDOWS\System32\profapi.dll
0x0000000056000000 - 0x000000005601a000 	C:\Program Files\Java\jdk1.8.0_91\jre\bin\net.dll
0x00007ffda7c90000 - 0x00007ffda7cf6000 	C:\WINDOWS\system32\mswsock.dll
0x0000000055fe0000 - 0x0000000055ff1000 	C:\Program Files\Java\jdk1.8.0_91\jre\bin\nio.dll
0x00007ffd99650000 - 0x00007ffd99662000 	C:\Users\Shaimaa Derbaz\.gradle\native\19\windows-amd64\native-platform.dll
0x00007ffda7e50000 - 0x00007ffda7e67000 	C:\WINDOWS\SYSTEM32\CRYPTSP.dll
0x00007ffda7890000 - 0x00007ffda78c3000 	C:\WINDOWS\system32\rsaenh.dll
0x00007ffda7f60000 - 0x00007ffda7f85000 	C:\WINDOWS\SYSTEM32\bcrypt.dll
0x00007ffda8330000 - 0x00007ffda8359000 	C:\WINDOWS\SYSTEM32\USERENV.dll
0x00007ffda7e70000 - 0x00007ffda7e7b000 	C:\WINDOWS\SYSTEM32\CRYPTBASE.dll
0x00007ffda7a20000 - 0x00007ffda7a59000 	C:\WINDOWS\SYSTEM32\IPHLPAPI.DLL
0x00007ffdab6f0000 - 0x00007ffdab6f8000 	C:\WINDOWS\System32\NSI.dll
0x00007ffda1c50000 - 0x00007ffda1c66000 	C:\WINDOWS\SYSTEM32\dhcpcsvc6.DLL
0x00007ffda1a30000 - 0x00007ffda1a4a000 	C:\WINDOWS\SYSTEM32\dhcpcsvc.DLL
0x0000000055fd0000 - 0x0000000055fdd000 	C:\Program Files\Java\jdk1.8.0_91\jre\bin\management.dll

VM Arguments:
jvm_args: -Xmx1536m -Dfile.encoding=windows-1252 -Duser.country=US -Duser.language=en -Duser.variant 
java_command: org.gradle.launcher.daemon.bootstrap.GradleDaemon 2.14.1
java_class_path (initial): C:\Users\Shaimaa Derbaz\.gradle\wrapper\dists\gradle-2.14.1-all\8bnwg5hd3w55iofp58khbp6yv\gradle-2.14.1\lib\gradle-launcher-2.14.1.jar
Launcher Type: SUN_STANDARD

Environment Variables:
PATH=C:\Program Files\Microsoft HPC Pack 2012\Bin\;C:\ProgramData\Oracle\Java\javapath;C:\Program Files (x86)\Lenovo\FusionEngine;C:\WINDOWS\system32;C:\WINDOWS;C:\WINDOWS\System32\Wbem;C:\WINDOWS\System32\WindowsPowerShell\v1.0\;C:\Program Files (x86)\ATI Technologies\ATI.ACE\Core-Static;C:\Program Files\Microsoft SQL Server\110\Tools\Binn\;C:\Users\Shaimaa Derbaz\Desktop\Shaimaa Derbazg\FCI materials\FCI CS 4\graduation Project\OpenCV\opencv\build\x86\vc10\bin;C:\Program Files\MATLAB\MATLAB Production Server\R2015a\runtime\win64;C:\Program Files\MATLAB\MATLAB Production Server\R2015a\bin;C:\Program Files\MATLAB\R2011a\runtime\win64;C:\Program Files\MATLAB\R2011a\bin;C:\Program Files\MiKTeX 2.9\miktex\bin\x64\;C:\Program Files\Java\jre1.8.0_74\bin;C:\Program Files (x86)\Java\jre1.8.0_91\bin;C:\Program Files\Java\jre1.8.0_91\bin;C:\Program Files\MATLAB\MATLAB Production Server\R2015a\polyspace\bin;C:\Program Files\Git\cmd;C:\Program Files\TortoiseGit\bin;C:\Program Files\Java\jdk1.7.0_25\bin;C:\Program Files\Java\jdk1.8.0_91\bin;C:\WINDOWS\system32;C:\WINDOWS;C:\WINDOWS\System32\Wbem;C:\WINDOWS\System32\WindowsPowerShell\v1.0\;C:\Program Files\apache-maven-3.3.9-src\apache-maven-3.3.9\apache-maven\src\bin;C:\Program Files\Intel\WiFi\bin\;C:\Program Files\Common Files\Intel\WirelessCommon\;C:\ProgramData\ComposerSetup\bin;C:\Users\Shaimaa Derbaz\AppData\Local\Microsoft\WindowsApps;C:\AppServ\Apache24\bin;C:\AppServ\php5;C:\AppServ\MySQL\bin;C:\Users\Shaimaa Derbaz\AppData\Roaming\Composer\vendor\bin
USERNAME=Shaimaa Derbaz
OS=Windows_NT
PROCESSOR_IDENTIFIER=Intel64 Family 6 Model 61 Stepping 4, GenuineIntel



---------------  S Y S T E M  ---------------

OS: Windows 10.0 , 64 bit Build 16299 (10.0.16299.431)

CPU:total 4 (2 cores per cpu, 2 threads per core) family 6 model 61 stepping 4, cmov, cx8, fxsr, mmx, sse, sse2, sse3, ssse3, sse4.1, sse4.2, popcnt, avx, avx2, aes, clmul, erms, 3dnowpref, lzcnt, ht, tsc, tscinvbit, bmi1, bmi2, adx

Memory: 4k page, physical 6203856k(810588k free), swap 25078224k(6724k free)

vm_info: Java HotSpot(TM) 64-Bit Server VM (25.91-b15) for windows-amd64 JRE (1.8.0_91-b15), built on May 20 2016 17:43:15 by "java_re" with MS VC++ 10.0 (VS2010)

time: Thu Aug 30 16:15:00 2018
elapsed time: 3 seconds (0d 0h 0m 3s)

