#
# There is insufficient memory for the Java Runtime Environment to continue.
# Native memory allocation (malloc) failed to allocate 179856 bytes for Chunk::new
# Possible reasons:
#   The system is out of physical RAM or swap space
#   In 32 bit mode, the process size limit was hit
# Possible solutions:
#   Reduce memory load on the system
#   Increase physical memory or swap space
#   Check if swap backing store is full
#   Use 64 bit Java on a 64 bit OS
#   Decrease Java heap size (-Xmx/-Xms)
#   Decrease number of Java threads
#   Decrease Java thread stack sizes (-Xss)
#   Set larger code cache with -XX:ReservedCodeCacheSize=
# This output file may be truncated or incomplete.
#
#  Out of Memory Error (allocation.cpp:390), pid=2428, tid=10152
#
# JRE version: Java(TM) SE Runtime Environment (8.0_91-b15) (build 1.8.0_91-b15)
# Java VM: Java HotSpot(TM) 64-Bit Server VM (25.91-b15 mixed mode windows-amd64 compressed oops)
# Failed to write core dump. Minidumps are not enabled by default on client versions of Windows
#

---------------  T H R E A D  ---------------

Current thread (0x00000000180a2000):  JavaThread "C2 CompilerThread1" daemon [_thread_in_native, id=10152, stack(0x00000000198f0000,0x00000000199f0000)]

Stack: [0x00000000198f0000,0x00000000199f0000]
[error occurred during error reporting (printing stack bounds), id 0xc0000005]

Native frames: (J=compiled Java code, j=interpreted, Vv=VM code, C=native code)


Current CompileTask:
C2:2180259 9638       4       org.gradle.internal.dispatch.ProxyDispatchAdapter$DispatchingInvocationHandler::invoke (185 bytes)


---------------  P R O C E S S  ---------------

Java Threads: ( => current thread )
  0x000000001da37800 JavaThread "Stdin handler" [_thread_blocked, id=2848, stack(0x0000000025060000,0x0000000025160000)]
  0x000000001da3c000 JavaThread "Asynchronous log dispatcher for org.gradle.launcher.daemon.server.DefaultDaemonConnection@353afb96" [_thread_blocked, id=15020, stack(0x0000000024f60000,0x0000000025060000)]
  0x000000001da39000 JavaThread "Daemon worker Thread 2" [_thread_in_native, id=1108, stack(0x0000000024e60000,0x0000000024f60000)]
  0x000000001da38800 JavaThread "Cancel handler" [_thread_blocked, id=13360, stack(0x0000000024d60000,0x0000000024e60000)]
  0x000000001da3b800 JavaThread "Handler for socket connection from /127.0.0.1:18320 to /127.0.0.1:18611" [_thread_in_native, id=5444, stack(0x0000000024c60000,0x0000000024d60000)]
  0x000000001da3a800 JavaThread "Daemon Thread 2" [_thread_blocked, id=824, stack(0x0000000024b60000,0x0000000024c60000)]
  0x000000001a6f7000 JavaThread "pool-2-thread-1" [_thread_in_native, id=10916, stack(0x000000001fd20000,0x000000001fe20000)]
  0x000000001a6f5000 JavaThread "File lock request listener" [_thread_in_native, id=15048, stack(0x000000001e200000,0x000000001e300000)]
  0x000000001acdb000 JavaThread "Incoming local TCP Connector on port 18320" [_thread_in_native, id=14200, stack(0x000000001c060000,0x000000001c160000)]
  0x000000001a112800 JavaThread "pool-1-thread-1" [_thread_blocked, id=12480, stack(0x000000001bf60000,0x000000001c060000)]
  0x0000000019b28800 JavaThread "Service Thread" daemon [_thread_blocked, id=14236, stack(0x0000000019ef0000,0x0000000019ff0000)]
  0x00000000180a5000 JavaThread "C1 CompilerThread2" daemon [_thread_blocked, id=12388, stack(0x00000000199f0000,0x0000000019af0000)]
=>0x00000000180a2000 JavaThread "C2 CompilerThread1" daemon [_thread_in_native, id=10152, stack(0x00000000198f0000,0x00000000199f0000)]
  0x000000001809e800 JavaThread "C2 CompilerThread0" daemon [_thread_blocked, id=7480, stack(0x00000000197f0000,0x00000000198f0000)]
  0x000000001809d800 JavaThread "Attach Listener" daemon [_thread_blocked, id=11184, stack(0x00000000196f0000,0x00000000197f0000)]
  0x000000001809c800 JavaThread "Signal Dispatcher" daemon [_thread_blocked, id=468, stack(0x00000000195f0000,0x00000000196f0000)]
  0x000000000472b000 JavaThread "Finalizer" daemon [_thread_blocked, id=10860, stack(0x0000000019300000,0x0000000019400000)]
  0x0000000004720000 JavaThread "Reference Handler" daemon [_thread_blocked, id=3344, stack(0x0000000019200000,0x0000000019300000)]
  0x00000000044bd800 JavaThread "main" [_thread_blocked, id=11720, stack(0x00000000044c0000,0x00000000045c0000)]

Other Threads:
  0x0000000018067800 VMThread [stack: 0x0000000019100000,0x0000000019200000] [id=4544]
  0x0000000019b4c800 WatcherThread [stack: 0x0000000019ff0000,0x000000001a0f0000] [id=11936]

VM state:not at safepoint (normal execution)

VM Mutex/Monitor currently owned by a thread: None

Heap:
 PSYoungGen      total 29184K, used 23292K [0x00000000e0000000, 0x00000000e2880000, 0x0000000100000000)
  eden space 27136K, 78% used [0x00000000e0000000,0x00000000e14df0a8,0x00000000e1a80000)
  from space 2048K, 93% used [0x00000000e1b00000,0x00000000e1ce0000,0x00000000e1d00000)
  to   space 7168K, 0% used [0x00000000e2180000,0x00000000e2180000,0x00000000e2880000)
 ParOldGen       total 73728K, used 56108K [0x00000000a0000000, 0x00000000a4800000, 0x00000000e0000000)
  object space 73728K, 76% used [0x00000000a0000000,0x00000000a36cb3d0,0x00000000a4800000)
 Metaspace       used 56971K, capacity 59380K, committed 59520K, reserved 1099776K
  class space    used 7781K, capacity 8249K, committed 8320K, reserved 1048576K

Card table byte_map: [0x0000000013af0000,0x0000000013e00000] byte_map_base: 0x00000000135f0000

Marking Bits: (ParMarkBitMap*) 0x0000000055872f70
 Begin Bits: [0x0000000014400000, 0x0000000015c00000)
 End Bits:   [0x0000000015c00000, 0x0000000017400000)

Polling page: 0x0000000004480000

CodeCache: size=245760Kb used=28194Kb max_used=28206Kb free=217565Kb
 bounds [0x0000000004730000, 0x00000000062e0000, 0x0000000013730000]
 total_blobs=8804 nmethods=8088 adapters=627
 compilation: enabled

Compilation events (10 events):
Event: 2179.146 Thread 0x00000000180a5000 nmethod 9661 0x00000000062c4310 code [0x00000000062c4460, 0x00000000062c4570]
Event: 2179.146 Thread 0x00000000180a5000 9662       1       org.gradle.api.internal.artifacts.ivyservice.resolveengine.graph.conflicts.DefaultConflictResolutionResult::getSelected (5 bytes)
Event: 2179.146 Thread 0x00000000180a5000 nmethod 9662 0x00000000062c45d0 code [0x00000000062c4720, 0x00000000062c4830]
Event: 2179.146 Thread 0x00000000180a5000 9663       1       org.gradle.internal.component.local.model.DefaultLocalComponentMetaData::getComponentId (5 bytes)
Event: 2179.146 Thread 0x00000000180a5000 nmethod 9663 0x00000000062c4890 code [0x00000000062c49e0, 0x00000000062c4af0]
Event: 2179.147 Thread 0x000000001809e800 nmethod 9656 0x00000000062c7b90 code [0x00000000062c7ce0, 0x00000000062c8118]
Event: 2179.147 Thread 0x000000001809e800 9659       4       org.gradle.api.internal.artifacts.ivyservice.resolveengine.excludes.ModuleExcludeRuleFilters::union (187 bytes)
Event: 2179.148 Thread 0x000000001809e800 nmethod 9659 0x0000000004a69050 code [0x0000000004a69180, 0x0000000004a691d8]
Event: 2179.148 Thread 0x00000000180a5000 9664       3       org.gradle.internal.serialize.AbstractDecoder::readBinary (16 bytes)
Event: 2179.148 Thread 0x00000000180a5000 nmethod 9664 0x00000000062c7490 code [0x00000000062c7620, 0x00000000062c7a78]

GC Heap History (10 events):
Event: 329.864 GC heap before
{Heap before GC invocations=41 (full 4):
 PSYoungGen      total 35328K, used 35296K [0x00000000e0000000, 0x00000000e2c00000, 0x0000000100000000)
  eden space 29696K, 100% used [0x00000000e0000000,0x00000000e1d00000,0x00000000e1d00000)
  from space 5632K, 99% used [0x00000000e2680000,0x00000000e2bf8020,0x00000000e2c00000)
  to   space 7680K, 0% used [0x00000000e1d00000,0x00000000e1d00000,0x00000000e2480000)
 ParOldGen       total 73728K, used 49860K [0x00000000a0000000, 0x00000000a4800000, 0x00000000e0000000)
  object space 73728K, 67% used [0x00000000a0000000,0x00000000a30b1278,0x00000000a4800000)
 Metaspace       used 56392K, capacity 58666K, committed 59008K, reserved 1099776K
  class space    used 7738K, capacity 8196K, committed 8320K, reserved 1048576K
Event: 329.873 GC heap after
Heap after GC invocations=41 (full 4):
 PSYoungGen      total 31744K, used 2103K [0x00000000e0000000, 0x00000000e2b80000, 0x0000000100000000)
  eden space 29184K, 0% used [0x00000000e0000000,0x00000000e0000000,0x00000000e1c80000)
  from space 2560K, 82% used [0x00000000e1d00000,0x00000000e1f0df68,0x00000000e1f80000)
  to   space 7680K, 0% used [0x00000000e2400000,0x00000000e2400000,0x00000000e2b80000)
 ParOldGen       total 73728K, used 54072K [0x00000000a0000000, 0x00000000a4800000, 0x00000000e0000000)
  object space 73728K, 73% used [0x00000000a0000000,0x00000000a34ce308,0x00000000a4800000)
 Metaspace       used 56392K, capacity 58666K, committed 59008K, reserved 1099776K
  class space    used 7738K, capacity 8196K, committed 8320K, reserved 1048576K
}
Event: 2142.315 GC heap before
{Heap before GC invocations=42 (full 4):
 PSYoungGen      total 31744K, used 31287K [0x00000000e0000000, 0x00000000e2b80000, 0x0000000100000000)
  eden space 29184K, 100% used [0x00000000e0000000,0x00000000e1c80000,0x00000000e1c80000)
  from space 2560K, 82% used [0x00000000e1d00000,0x00000000e1f0df68,0x00000000e1f80000)
  to   space 7680K, 0% used [0x00000000e2400000,0x00000000e2400000,0x00000000e2b80000)
 ParOldGen       total 73728K, used 54072K [0x00000000a0000000, 0x00000000a4800000, 0x00000000e0000000)
  object space 73728K, 73% used [0x00000000a0000000,0x00000000a34ce308,0x00000000a4800000)
 Metaspace       used 56696K, capacity 59002K, committed 59264K, reserved 1099776K
  class space    used 7765K, capacity 8240K, committed 8320K, reserved 1048576K
Event: 2142.324 GC heap after
Heap after GC invocations=42 (full 4):
 PSYoungGen      total 35840K, used 1056K [0x00000000e0000000, 0x00000000e2b00000, 0x0000000100000000)
  eden space 28672K, 0% used [0x00000000e0000000,0x00000000e0000000,0x00000000e1c00000)
  from space 7168K, 14% used [0x00000000e2400000,0x00000000e2508000,0x00000000e2b00000)
  to   space 7680K, 0% used [0x00000000e1c00000,0x00000000e1c00000,0x00000000e2380000)
 ParOldGen       total 73728K, used 55096K [0x00000000a0000000, 0x00000000a4800000, 0x00000000e0000000)
  object space 73728K, 74% used [0x00000000a0000000,0x00000000a35ce318,0x00000000a4800000)
 Metaspace       used 56696K, capacity 59002K, committed 59264K, reserved 1099776K
  class space    used 7765K, capacity 8240K, committed 8320K, reserved 1048576K
}
Event: 2151.595 GC heap before
{Heap before GC invocations=43 (full 4):
 PSYoungGen      total 35840K, used 29728K [0x00000000e0000000, 0x00000000e2b00000, 0x0000000100000000)
  eden space 28672K, 100% used [0x00000000e0000000,0x00000000e1c00000,0x00000000e1c00000)
  from space 7168K, 14% used [0x00000000e2400000,0x00000000e2508000,0x00000000e2b00000)
  to   space 7680K, 0% used [0x00000000e1c00000,0x00000000e1c00000,0x00000000e2380000)
 ParOldGen       total 73728K, used 55096K [0x00000000a0000000, 0x00000000a4800000, 0x00000000e0000000)
  object space 73728K, 74% used [0x00000000a0000000,0x00000000a35ce318,0x00000000a4800000)
 Metaspace       used 56718K, capacity 59002K, committed 59264K, reserved 1099776K
  class space    used 7765K, capacity 8240K, committed 8320K, reserved 1048576K
Event: 2151.599 GC heap after
Heap after GC invocations=43 (full 4):
 PSYoungGen      total 29184K, used 672K [0x00000000e0000000, 0x00000000e2a80000, 0x0000000100000000)
  eden space 28160K, 0% used [0x00000000e0000000,0x00000000e0000000,0x00000000e1b80000)
  from space 1024K, 65% used [0x00000000e1c00000,0x00000000e1ca8000,0x00000000e1d00000)
  to   space 7680K, 0% used [0x00000000e2300000,0x00000000e2300000,0x00000000e2a80000)
 ParOldGen       total 73728K, used 55852K [0x00000000a0000000, 0x00000000a4800000, 0x00000000e0000000)
  object space 73728K, 75% used [0x00000000a0000000,0x00000000a368b3d0,0x00000000a4800000)
 Metaspace       used 56718K, capacity 59002K, committed 59264K, reserved 1099776K
  class space    used 7765K, capacity 8240K, committed 8320K, reserved 1048576K
}
Event: 2156.396 GC heap before
{Heap before GC invocations=44 (full 4):
 PSYoungGen      total 29184K, used 28832K [0x00000000e0000000, 0x00000000e2a80000, 0x0000000100000000)
  eden space 28160K, 100% used [0x00000000e0000000,0x00000000e1b80000,0x00000000e1b80000)
  from space 1024K, 65% used [0x00000000e1c00000,0x00000000e1ca8000,0x00000000e1d00000)
  to   space 7680K, 0% used [0x00000000e2300000,0x00000000e2300000,0x00000000e2a80000)
 ParOldGen       total 73728K, used 55852K [0x00000000a0000000, 0x00000000a4800000, 0x00000000e0000000)
  object space 73728K, 75% used [0x00000000a0000000,0x00000000a368b3d0,0x00000000a4800000)
 Metaspace       used 56736K, capacity 59066K, committed 59264K, reserved 1099776K
  class space    used 7765K, capacity 8240K, committed 8320K, reserved 1048576K
Event: 2156.398 GC heap after
Heap after GC invocations=44 (full 4):
 PSYoungGen      total 34816K, used 896K [0x00000000e0000000, 0x00000000e2a00000, 0x0000000100000000)
  eden space 27648K, 0% used [0x00000000e0000000,0x00000000e0000000,0x00000000e1b00000)
  from space 7168K, 12% used [0x00000000e2300000,0x00000000e23e0000,0x00000000e2a00000)
  to   space 7680K, 0% used [0x00000000e1b00000,0x00000000e1b00000,0x00000000e2280000)
 ParOldGen       total 73728K, used 56100K [0x00000000a0000000, 0x00000000a4800000, 0x00000000e0000000)
  object space 73728K, 76% used [0x00000000a0000000,0x00000000a36c93d0,0x00000000a4800000)
 Metaspace       used 56736K, capacity 59066K, committed 59264K, reserved 1099776K
  class space    used 7765K, capacity 8240K, committed 8320K, reserved 1048576K
}
Event: 2174.207 GC heap before
{Heap before GC invocations=45 (full 4):
 PSYoungGen      total 34816K, used 28544K [0x00000000e0000000, 0x00000000e2a00000, 0x0000000100000000)
  eden space 27648K, 100% used [0x00000000e0000000,0x00000000e1b00000,0x00000000e1b00000)
  from space 7168K, 12% used [0x00000000e2300000,0x00000000e23e0000,0x00000000e2a00000)
  to   space 7680K, 0% used [0x00000000e1b00000,0x00000000e1b00000,0x00000000e2280000)
 ParOldGen       total 73728K, used 56100K [0x00000000a0000000, 0x00000000a4800000, 0x00000000e0000000)
  object space 73728K, 76% used [0x00000000a0000000,0x00000000a36c93d0,0x00000000a4800000)
 Metaspace       used 56847K, capacity 59160K, committed 59264K, reserved 1099776K
  class space    used 7769K, capacity 8245K, committed 8320K, reserved 1048576K
Event: 2174.212 GC heap after
Heap after GC invocations=45 (full 4):
 PSYoungGen      total 29184K, used 1920K [0x00000000e0000000, 0x00000000e2880000, 0x0000000100000000)
  eden space 27136K, 0% used [0x00000000e0000000,0x00000000e0000000,0x00000000e1a80000)
  from space 2048K, 93% used [0x00000000e1b00000,0x00000000e1ce0000,0x00000000e1d00000)
  to   space 7168K, 0% used [0x00000000e2180000,0x00000000e2180000,0x00000000e2880000)
 ParOldGen       total 73728K, used 56108K [0x00000000a0000000, 0x00000000a4800000, 0x00000000e0000000)
  object space 73728K, 76% used [0x00000000a0000000,0x00000000a36cb3d0,0x00000000a4800000)
 Metaspace       used 56847K, capacity 59160K, committed 59264K, reserved 1099776K
  class space    used 7769K, capacity 8245K, committed 8320K, reserved 1048576K
}

Deoptimization events (10 events):
Event: 329.127 Thread 0x000000001da3b800 Uncommon trap: reason=class_check action=maybe_recompile pc=0x0000000004f31f1c method=java.util.concurrent.ConcurrentHashMap.putVal(Ljava/lang/Object;Ljava/lang/Object;Z)Ljava/lang/Object; @ 192
Event: 329.129 Thread 0x000000001da3b800 Uncommon trap: reason=unstable_if action=reinterpret pc=0x0000000004843b58 method=java.util.concurrent.locks.AbstractQueuedSynchronizer.acquireQueued(Ljava/util/concurrent/locks/AbstractQueuedSynchronizer$Node;I)Z @ 17
Event: 329.940 Thread 0x0000000019c82800 Uncommon trap: reason=unloaded action=reinterpret pc=0x00000000061dfeb4 method=com.sun.org.apache.xerces.internal.dom.DeferredDocumentImpl.getNodeObject(I)Lcom/sun/org/apache/xerces/internal/dom/DeferredNode; @ 205
Event: 334.647 Thread 0x0000000019c82800 Uncommon trap: reason=bimorphic action=maybe_recompile pc=0x0000000004ed1c9c method=java.util.HashMap.removeNode(ILjava/lang/Object;Ljava/lang/Object;ZZ)Ljava/util/HashMap$Node; @ 68
Event: 334.655 Thread 0x0000000019c82800 Uncommon trap: reason=bimorphic action=maybe_recompile pc=0x0000000004ed1c9c method=java.util.HashMap.removeNode(ILjava/lang/Object;Ljava/lang/Object;ZZ)Ljava/util/HashMap$Node; @ 68
Event: 776.838 Thread 0x000000001a6f7000 Uncommon trap: reason=null_check action=make_not_entrant pc=0x00000000060c9ed8 method=sun.nio.fs.NativeBuffers.getNativeBufferFromCache(I)Lsun/nio/fs/NativeBuffer; @ 6
Event: 776.838 Thread 0x000000001a6f7000 Uncommon trap: reason=null_check action=make_not_entrant pc=0x00000000060cd0c4 method=sun.nio.fs.NativeBuffers.releaseNativeBuffer(Lsun/nio/fs/NativeBuffer;)V @ 6
Event: 2141.023 Thread 0x000000001da39000 Uncommon trap: reason=predicate action=maybe_recompile pc=0x0000000004c93f38 method=java.util.ComparableTimSort.binarySort([Ljava/lang/Object;III)V @ 37
Event: 2157.568 Thread 0x000000001da39000 Uncommon trap: reason=bimorphic action=maybe_recompile pc=0x0000000004e71a4c method=sun.security.provider.DigestBase.engineUpdate([BII)V @ 128
Event: 2179.190 Thread 0x000000001da39000 Uncommon trap: reason=unloaded action=reinterpret pc=0x0000000004de6760 method=sun.nio.fs.WindowsDirectoryStream$WindowsDirectoryIterator.readNextEntry()Ljava/nio/file/Path; @ 114

Internal exceptions (10 events):
Event: 2165.271 Thread 0x000000001da39000 Exception <a 'sun/nio/fs/WindowsException'> (0x00000000e096c920) thrown at [C:\re\workspace\8-2-build-windows-amd64-cygwin\jdk8u91\7017\hotspot\src\share\vm\prims\jni.cpp, line 709]
Event: 2165.272 Thread 0x000000001da39000 Exception <a 'sun/nio/fs/WindowsException'> (0x00000000e096f080) thrown at [C:\re\workspace\8-2-build-windows-amd64-cygwin\jdk8u91\7017\hotspot\src\share\vm\prims\jni.cpp, line 709]
Event: 2165.272 Thread 0x000000001da39000 Exception <a 'sun/nio/fs/WindowsException'> (0x00000000e096fbd8) thrown at [C:\re\workspace\8-2-build-windows-amd64-cygwin\jdk8u91\7017\hotspot\src\share\vm\prims\jni.cpp, line 709]
Event: 2165.272 Thread 0x000000001da39000 Exception <a 'sun/nio/fs/WindowsException'> (0x00000000e0971778) thrown at [C:\re\workspace\8-2-build-windows-amd64-cygwin\jdk8u91\7017\hotspot\src\share\vm\prims\jni.cpp, line 709]
Event: 2165.272 Thread 0x000000001da39000 Exception <a 'sun/nio/fs/WindowsException'> (0x00000000e0972308) thrown at [C:\re\workspace\8-2-build-windows-amd64-cygwin\jdk8u91\7017\hotspot\src\share\vm\prims\jni.cpp, line 709]
Event: 2165.421 Thread 0x000000001da39000 Exception <a 'sun/nio/fs/WindowsException'> (0x00000000e0975118) thrown at [C:\re\workspace\8-2-build-windows-amd64-cygwin\jdk8u91\7017\hotspot\src\share\vm\prims\jni.cpp, line 709]
Event: 2165.421 Thread 0x000000001da39000 Exception <a 'sun/nio/fs/WindowsException'> (0x00000000e0975aa8) thrown at [C:\re\workspace\8-2-build-windows-amd64-cygwin\jdk8u91\7017\hotspot\src\share\vm\prims\jni.cpp, line 709]
Event: 2165.421 Thread 0x000000001da39000 Exception <a 'sun/nio/fs/WindowsException'> (0x00000000e0977508) thrown at [C:\re\workspace\8-2-build-windows-amd64-cygwin\jdk8u91\7017\hotspot\src\share\vm\prims\jni.cpp, line 709]
Event: 2165.421 Thread 0x000000001da39000 Exception <a 'sun/nio/fs/WindowsException'> (0x00000000e0977f58) thrown at [C:\re\workspace\8-2-build-windows-amd64-cygwin\jdk8u91\7017\hotspot\src\share\vm\prims\jni.cpp, line 709]
Event: 2179.163 Thread 0x000000001da39000 Exception <a 'sun/nio/fs/WindowsException'> (0x00000000e10afbe0) thrown at [C:\re\workspace\8-2-build-windows-amd64-cygwin\jdk8u91\7017\hotspot\src\share\vm\prims\jni.cpp, line 709]

Events (10 events):
Event: 2175.793 Thread 0x000000001809e800 flushing nmethod 0x00000000056e3010
Event: 2175.793 Thread 0x000000001809e800 flushing nmethod 0x00000000057a8110
Event: 2177.299 Thread 0x000000001809e800 flushing nmethod 0x0000000005f97dd0
Event: 2177.300 Thread 0x000000001809e800 flushing nmethod 0x00000000060c2ed0
Event: 2179.121 Executing VM operation: RevokeBias
Event: 2179.121 Executing VM operation: RevokeBias done
Event: 2179.189 Thread 0x000000001da39000 Uncommon trap: trap_request=0x0000004d fr.pc=0x0000000004de6760
Event: 2179.189 Executing VM operation: RevokeBias
Event: 2179.190 Executing VM operation: RevokeBias done
Event: 2179.190 loading class java/nio/file/DirectoryIteratorException


Dynamic libraries:
0x00007ff777120000 - 0x00007ff777157000 	C:\Program Files\Java\jdk1.8.0_91\bin\java.exe
0x00007ffdac0b0000 - 0x00007ffdac290000 	C:\WINDOWS\SYSTEM32\ntdll.dll
0x00007ffdabf60000 - 0x00007ffdac00e000 	C:\WINDOWS\System32\KERNEL32.DLL
0x00007ffda8560000 - 0x00007ffda87c6000 	C:\WINDOWS\System32\KERNELBASE.dll
0x00007ffdab8f0000 - 0x00007ffdab991000 	C:\WINDOWS\System32\ADVAPI32.dll
0x00007ffdabe60000 - 0x00007ffdabefd000 	C:\WINDOWS\System32\msvcrt.dll
0x00007ffdab430000 - 0x00007ffdab48b000 	C:\WINDOWS\System32\sechost.dll
0x00007ffdab720000 - 0x00007ffdab83f000 	C:\WINDOWS\System32\RPCRT4.dll
0x00007ffdaac60000 - 0x00007ffdaadef000 	C:\WINDOWS\System32\USER32.dll
0x00007ffda8c40000 - 0x00007ffda8c60000 	C:\WINDOWS\System32\win32u.dll
0x00007ffdab840000 - 0x00007ffdab868000 	C:\WINDOWS\System32\GDI32.dll
0x00007ffda8a00000 - 0x00007ffda8b93000 	C:\WINDOWS\System32\gdi32full.dll
0x00007ffda8ba0000 - 0x00007ffda8c3b000 	C:\WINDOWS\System32\msvcp_win.dll
0x00007ffda8900000 - 0x00007ffda89f6000 	C:\WINDOWS\System32\ucrtbase.dll
0x00007ffd95620000 - 0x00007ffd95889000 	C:\WINDOWS\WinSxS\amd64_microsoft.windows.common-controls_6595b64144ccf1df_6.0.16299.431_none_15c7d3ee93659e73\COMCTL32.dll
0x00007ffdabaf0000 - 0x00007ffdabdf8000 	C:\WINDOWS\System32\combase.dll
0x00007ffda87d0000 - 0x00007ffda8842000 	C:\WINDOWS\System32\bcryptPrimitives.dll
0x00007ffdaac30000 - 0x00007ffdaac5d000 	C:\WINDOWS\System32\IMM32.DLL
0x0000000056030000 - 0x0000000056102000 	C:\Program Files\Java\jdk1.8.0_91\jre\bin\msvcr100.dll
0x0000000055060000 - 0x00000000558f3000 	C:\Program Files\Java\jdk1.8.0_91\jre\bin\server\jvm.dll
0x00007ffdaadf0000 - 0x00007ffdaadf8000 	C:\WINDOWS\System32\PSAPI.DLL
0x00007ffda6480000 - 0x00007ffda64a3000 	C:\WINDOWS\SYSTEM32\WINMM.dll
0x00007ffda6f00000 - 0x00007ffda6f0a000 	C:\WINDOWS\SYSTEM32\VERSION.dll
0x00007ffd98320000 - 0x00007ffd98329000 	C:\WINDOWS\SYSTEM32\WSOCK32.dll
0x00007ffdac010000 - 0x00007ffdac07c000 	C:\WINDOWS\System32\WS2_32.dll
0x00007ffda6420000 - 0x00007ffda644a000 	C:\WINDOWS\SYSTEM32\winmmbase.dll
0x00007ffda84b0000 - 0x00007ffda84fa000 	C:\WINDOWS\System32\cfgmgr32.dll
0x0000000056020000 - 0x000000005602f000 	C:\Program Files\Java\jdk1.8.0_91\jre\bin\verify.dll
0x0000000055ff0000 - 0x0000000056019000 	C:\Program Files\Java\jdk1.8.0_91\jre\bin\java.dll
0x0000000055fd0000 - 0x0000000055fe6000 	C:\Program Files\Java\jdk1.8.0_91\jre\bin\zip.dll
0x00007ffda9650000 - 0x00007ffdaaa88000 	C:\WINDOWS\System32\SHELL32.dll
0x00007ffdaba40000 - 0x00007ffdabae6000 	C:\WINDOWS\System32\shcore.dll
0x00007ffda8e30000 - 0x00007ffda9577000 	C:\WINDOWS\System32\windows.storage.dll
0x00007ffdabf00000 - 0x00007ffdabf51000 	C:\WINDOWS\System32\shlwapi.dll
0x00007ffda8490000 - 0x00007ffda84a1000 	C:\WINDOWS\System32\kernel.appcore.dll
0x00007ffda8440000 - 0x00007ffda848c000 	C:\WINDOWS\System32\powrprof.dll
0x00007ffda8400000 - 0x00007ffda841b000 	C:\WINDOWS\System32\profapi.dll
0x0000000056140000 - 0x000000005615a000 	C:\Program Files\Java\jdk1.8.0_91\jre\bin\net.dll
0x00007ffda7c90000 - 0x00007ffda7cf6000 	C:\WINDOWS\system32\mswsock.dll
0x0000000056120000 - 0x0000000056131000 	C:\Program Files\Java\jdk1.8.0_91\jre\bin\nio.dll
0x00007ffd99650000 - 0x00007ffd99662000 	C:\Users\Shaimaa Derbaz\.gradle\native\19\windows-amd64\native-platform.dll
0x00007ffda7e50000 - 0x00007ffda7e67000 	C:\WINDOWS\SYSTEM32\CRYPTSP.dll
0x00007ffda7890000 - 0x00007ffda78c3000 	C:\WINDOWS\system32\rsaenh.dll
0x00007ffda7f60000 - 0x00007ffda7f85000 	C:\WINDOWS\SYSTEM32\bcrypt.dll
0x00007ffda8330000 - 0x00007ffda8359000 	C:\WINDOWS\SYSTEM32\USERENV.dll
0x00007ffda7e70000 - 0x00007ffda7e7b000 	C:\WINDOWS\SYSTEM32\CRYPTBASE.dll
0x00007ffda7a20000 - 0x00007ffda7a59000 	C:\WINDOWS\SYSTEM32\IPHLPAPI.DLL
0x00007ffdab6f0000 - 0x00007ffdab6f8000 	C:\WINDOWS\System32\NSI.dll
0x00007ffda1c50000 - 0x00007ffda1c66000 	C:\WINDOWS\SYSTEM32\dhcpcsvc6.DLL
0x00007ffda1a30000 - 0x00007ffda1a4a000 	C:\WINDOWS\SYSTEM32\dhcpcsvc.DLL
0x0000000056110000 - 0x000000005611d000 	C:\Program Files\Java\jdk1.8.0_91\jre\bin\management.dll

VM Arguments:
jvm_args: -Xmx1536m -Dfile.encoding=windows-1252 -Duser.country=US -Duser.language=en -Duser.variant 
java_command: org.gradle.launcher.daemon.bootstrap.GradleDaemon 2.14.1
java_class_path (initial): C:\Users\Shaimaa Derbaz\.gradle\wrapper\dists\gradle-2.14.1-all\8bnwg5hd3w55iofp58khbp6yv\gradle-2.14.1\lib\gradle-launcher-2.14.1.jar
Launcher Type: SUN_STANDARD

Environment Variables:
PATH=C:\Program Files\Microsoft HPC Pack 2012\Bin\;C:\ProgramData\Oracle\Java\javapath;C:\Program Files (x86)\Lenovo\FusionEngine;C:\WINDOWS\system32;C:\WINDOWS;C:\WINDOWS\System32\Wbem;C:\WINDOWS\System32\WindowsPowerShell\v1.0\;C:\Program Files (x86)\ATI Technologies\ATI.ACE\Core-Static;C:\Program Files\Microsoft SQL Server\110\Tools\Binn\;C:\Users\Shaimaa Derbaz\Desktop\Shaimaa Derbazg\FCI materials\FCI CS 4\graduation Project\OpenCV\opencv\build\x86\vc10\bin;C:\Program Files\MATLAB\MATLAB Production Server\R2015a\runtime\win64;C:\Program Files\MATLAB\MATLAB Production Server\R2015a\bin;C:\Program Files\MATLAB\R2011a\runtime\win64;C:\Program Files\MATLAB\R2011a\bin;C:\Program Files\MiKTeX 2.9\miktex\bin\x64\;C:\Program Files\Java\jre1.8.0_74\bin;C:\Program Files (x86)\Java\jre1.8.0_91\bin;C:\Program Files\Java\jre1.8.0_91\bin;C:\Program Files\MATLAB\MATLAB Production Server\R2015a\polyspace\bin;C:\Program Files\Git\cmd;C:\Program Files\TortoiseGit\bin;C:\Program Files\Java\jdk1.7.0_25\bin;C:\Program Files\Java\jdk1.8.0_91\bin;C:\WINDOWS\system32;C:\WINDOWS;C:\WINDOWS\System32\Wbem;C:\WINDOWS\System32\WindowsPowerShell\v1.0\;C:\Program Files\apache-maven-3.3.9-src\apache-maven-3.3.9\apache-maven\src\bin;C:\Program Files\Intel\WiFi\bin\;C:\Program Files\Common Files\Intel\WirelessCommon\;C:\ProgramData\ComposerSetup\bin;C:\Users\Shaimaa Derbaz\AppData\Local\Microsoft\WindowsApps;C:\AppServ\Apache24\bin;C:\AppServ\php5;C:\AppServ\MySQL\bin;C:\Users\Shaimaa Derbaz\AppData\Roaming\Composer\vendor\bin
USERNAME=Shaimaa Derbaz
OS=Windows_NT
PROCESSOR_IDENTIFIER=Intel64 Family 6 Model 61 Stepping 4, GenuineIntel



---------------  S Y S T E M  ---------------

OS: Windows 10.0 , 64 bit Build 16299 (10.0.16299.431)

CPU:total 4 (2 cores per cpu, 2 threads per core) family 6 model 61 stepping 4, cmov, cx8, fxsr, mmx, sse, sse2, sse3, ssse3, sse4.1, sse4.2, popcnt, avx, avx2, aes, clmul, erms, 3dnowpref, lzcnt, ht, tsc, tscinvbit, bmi1, bmi2, adx

Memory: 4k page, physical 6203856k(409076k free), swap 25078224k(0k free)

vm_info: Java HotSpot(TM) 64-Bit Server VM (25.91-b15) for windows-amd64 JRE (1.8.0_91-b15), built on May 20 2016 17:43:15 by "java_re" with MS VC++ 10.0 (VS2010)

time: Thu Aug 30 15:06:00 2018
elapsed time: 2180 seconds (0d 0h 36m 20s)

