#
# There is insufficient memory for the Java Runtime Environment to continue.
# Native memory allocation (malloc) failed to allocate 960096 bytes for Chunk::new
# Possible reasons:
#   The system is out of physical RAM or swap space
#   In 32 bit mode, the process size limit was hit
# Possible solutions:
#   Reduce memory load on the system
#   Increase physical memory or swap space
#   Check if swap backing store is full
#   Use 64 bit Java on a 64 bit OS
#   Decrease Java heap size (-Xmx/-Xms)
#   Decrease number of Java threads
#   Decrease Java thread stack sizes (-Xss)
#   Set larger code cache with -XX:ReservedCodeCacheSize=
# This output file may be truncated or incomplete.
#
#  Out of Memory Error (allocation.cpp:390), pid=3708, tid=11996
#
# JRE version: Java(TM) SE Runtime Environment (8.0_91-b15) (build 1.8.0_91-b15)
# Java VM: Java HotSpot(TM) 64-Bit Server VM (25.91-b15 mixed mode windows-amd64 compressed oops)
# Failed to write core dump. Minidumps are not enabled by default on client versions of Windows
#

---------------  T H R E A D  ---------------

Current thread (0x0000000015f5d000):  JavaThread "C2 CompilerThread0" daemon [_thread_in_native, id=11996, stack(0x00000000175a0000,0x00000000176a0000)]

Stack: [0x00000000175a0000,0x00000000176a0000]
[error occurred during error reporting (printing stack bounds), id 0xc0000005]

Native frames: (J=compiled Java code, j=interpreted, Vv=VM code, C=native code)


Current CompileTask:
C2:  14882 2783       4       org.apache.xerces.impl.XMLDTDScannerImpl::scanEntityDecl (976 bytes)


---------------  P R O C E S S  ---------------

Java Threads: ( => current thread )
  0x0000000018867800 JavaThread "File lock request listener" [_thread_in_native, id=6132, stack(0x000000001bd90000,0x000000001be90000)]
  0x0000000018864000 JavaThread "Stdin handler" [_thread_blocked, id=12956, stack(0x000000001a6c0000,0x000000001a7c0000)]
  0x0000000018867000 JavaThread "Asynchronous log dispatcher for org.gradle.launcher.daemon.server.DefaultDaemonConnection@4d9d1e9a" [_thread_blocked, id=16044, stack(0x000000001a5c0000,0x000000001a6c0000)]
  0x0000000018864800 JavaThread "Daemon worker" [_thread_in_native, id=11820, stack(0x000000001a2c0000,0x000000001a3c0000)]
  0x0000000018866000 JavaThread "Cancel handler" [_thread_blocked, id=15600, stack(0x000000001a1c0000,0x000000001a2c0000)]
  0x0000000018863000 JavaThread "Handler for socket connection from /127.0.0.1:54103 to /127.0.0.1:54104" [_thread_in_native, id=9776, stack(0x000000001a0c0000,0x000000001a1c0000)]
  0x000000001886a000 JavaThread "Daemon" [_thread_blocked, id=10140, stack(0x0000000019fc0000,0x000000001a0c0000)]
  0x0000000018865800 JavaThread "Incoming local TCP Connector on port 54103" [_thread_in_native, id=11736, stack(0x0000000019b80000,0x0000000019c80000)]
  0x0000000018869000 JavaThread "pool-1-thread-1" [_thread_blocked, id=9100, stack(0x0000000019a80000,0x0000000019b80000)]
  0x0000000015fbd800 JavaThread "Service Thread" daemon [_thread_blocked, id=13476, stack(0x0000000017ca0000,0x0000000017da0000)]
  0x0000000015f68000 JavaThread "C1 CompilerThread2" daemon [_thread_blocked, id=2284, stack(0x00000000177a0000,0x00000000178a0000)]
  0x0000000015f61000 JavaThread "C2 CompilerThread1" daemon [_thread_in_native, id=1276, stack(0x00000000176a0000,0x00000000177a0000)]
=>0x0000000015f5d000 JavaThread "C2 CompilerThread0" daemon [_thread_in_native, id=11996, stack(0x00000000175a0000,0x00000000176a0000)]
  0x0000000015f5b800 JavaThread "Attach Listener" daemon [_thread_blocked, id=11156, stack(0x00000000174a0000,0x00000000175a0000)]
  0x0000000015f5a800 JavaThread "Signal Dispatcher" daemon [_thread_blocked, id=8460, stack(0x00000000173a0000,0x00000000174a0000)]
  0x00000000025eb000 JavaThread "Finalizer" daemon [_thread_blocked, id=13396, stack(0x00000000171b0000,0x00000000172b0000)]
  0x00000000025e0000 JavaThread "Reference Handler" daemon [_thread_blocked, id=15288, stack(0x00000000170b0000,0x00000000171b0000)]
  0x000000000239e800 JavaThread "main" [_thread_blocked, id=16088, stack(0x00000000023f0000,0x00000000024f0000)]

Other Threads:
  0x0000000015f27800 VMThread [stack: 0x0000000016fb0000,0x00000000170b0000] [id=14140]
  0x00000000178ed000 WatcherThread [stack: 0x0000000017da0000,0x0000000017ea0000] [id=12464]

VM state:not at safepoint (normal execution)

VM Mutex/Monitor currently owned by a thread: None

Heap:
 PSYoungGen      total 41472K, used 20779K [0x00000000e0000000, 0x00000000e3200000, 0x0000000100000000)
  eden space 32768K, 56% used [0x00000000e0000000,0x00000000e1204718,0x00000000e2000000)
  from space 8704K, 26% used [0x00000000e2980000,0x00000000e2bc66e8,0x00000000e3200000)
  to   space 9216K, 0% used [0x00000000e2000000,0x00000000e2000000,0x00000000e2900000)
 ParOldGen       total 48128K, used 14720K [0x00000000a0000000, 0x00000000a2f00000, 0x00000000e0000000)
  object space 48128K, 30% used [0x00000000a0000000,0x00000000a0e60118,0x00000000a2f00000)
 Metaspace       used 28189K, capacity 28914K, committed 29056K, reserved 1075200K
  class space    used 3952K, capacity 4139K, committed 4224K, reserved 1048576K

Card table byte_map: [0x00000000119b0000,0x0000000011cc0000] byte_map_base: 0x00000000114b0000

Marking Bits: (ParMarkBitMap*) 0x000000005df62f70
 Begin Bits: [0x00000000122c0000, 0x0000000013ac0000)
 End Bits:   [0x0000000013ac0000, 0x00000000152c0000)

Polling page: 0x0000000000bc0000

CodeCache: size=245760Kb used=10348Kb max_used=10796Kb free=235411Kb
 bounds [0x00000000025f0000, 0x0000000003090000, 0x00000000115f0000]
 total_blobs=3227 nmethods=2584 adapters=555
 compilation: enabled

Compilation events (10 events):
Event: 14.781 Thread 0x0000000015f68000 2781       3       org.gradle.internal.resolve.result.DefaultResourceAwareResolveResult::<init> (16 bytes)
Event: 14.781 Thread 0x0000000015f68000 nmethod 2781 0x00000000027df510 code [0x00000000027df6a0, 0x00000000027dfa50]
Event: 14.800 Thread 0x0000000015f61000 nmethod 2766 0x000000000286c6d0 code [0x000000000286caa0, 0x000000000286f198]
Event: 14.801 Thread 0x0000000015f5d000 nmethod 2775 0x00000000029db290 code [0x00000000029db4c0, 0x00000000029dbfc0]
Event: 14.844 Thread 0x0000000015f61000 2782       4       org.apache.xerces.util.XMLStringBuffer::append (102 bytes)
Event: 14.844 Thread 0x0000000015f5d000 2783       4       org.apache.xerces.impl.XMLDTDScannerImpl::scanEntityDecl (976 bytes)
Event: 14.846 Thread 0x0000000015f61000 nmethod 2782 0x0000000002900c10 code [0x0000000002900d60, 0x0000000002900e98]
Event: 14.846 Thread 0x0000000015f61000 2784       4       org.apache.xerces.impl.XMLDTDScannerImpl::scanEntityValue (596 bytes)
Event: 14.847 Thread 0x0000000015f68000 2786       3       org.apache.xerces.impl.XMLEntityScanner::scanContent (702 bytes)
Event: 14.849 Thread 0x0000000015f68000 nmethod 2786 0x000000000286a150 code [0x000000000286a3a0, 0x000000000286b5d8]

GC Heap History (10 events):
Event: 7.238 GC heap before
{Heap before GC invocations=7 (full 1):
 PSYoungGen      total 28672K, used 4064K [0x00000000e0000000, 0x00000000e2000000, 0x0000000100000000)
  eden space 24576K, 0% used [0x00000000e0000000,0x00000000e0000000,0x00000000e1800000)
  from space 4096K, 99% used [0x00000000e1c00000,0x00000000e1ff8020,0x00000000e2000000)
  to   space 4096K, 0% used [0x00000000e1800000,0x00000000e1800000,0x00000000e1c00000)
 ParOldGen       total 65536K, used 9563K [0x00000000a0000000, 0x00000000a4000000, 0x00000000e0000000)
  object space 65536K, 14% used [0x00000000a0000000,0x00000000a0956df8,0x00000000a4000000)
 Metaspace       used 20823K, capacity 21280K, committed 21296K, reserved 1067008K
  class space    used 2776K, capacity 2928K, committed 2944K, reserved 1048576K
Event: 7.315 GC heap after
Heap after GC invocations=7 (full 1):
 PSYoungGen      total 28672K, used 0K [0x00000000e0000000, 0x00000000e2000000, 0x0000000100000000)
  eden space 24576K, 0% used [0x00000000e0000000,0x00000000e0000000,0x00000000e1800000)
  from space 4096K, 0% used [0x00000000e1c00000,0x00000000e1c00000,0x00000000e2000000)
  to   space 4096K, 0% used [0x00000000e1800000,0x00000000e1800000,0x00000000e1c00000)
 ParOldGen       total 48128K, used 11532K [0x00000000a0000000, 0x00000000a2f00000, 0x00000000e0000000)
  object space 48128K, 23% used [0x00000000a0000000,0x00000000a0b432c8,0x00000000a2f00000)
 Metaspace       used 20823K, capacity 21280K, committed 21296K, reserved 1067008K
  class space    used 2776K, capacity 2928K, committed 2944K, reserved 1048576K
}
Event: 8.065 GC heap before
{Heap before GC invocations=8 (full 1):
 PSYoungGen      total 28672K, used 24576K [0x00000000e0000000, 0x00000000e2000000, 0x0000000100000000)
  eden space 24576K, 100% used [0x00000000e0000000,0x00000000e1800000,0x00000000e1800000)
  from space 4096K, 0% used [0x00000000e1c00000,0x00000000e1c00000,0x00000000e2000000)
  to   space 4096K, 0% used [0x00000000e1800000,0x00000000e1800000,0x00000000e1c00000)
 ParOldGen       total 48128K, used 11532K [0x00000000a0000000, 0x00000000a2f00000, 0x00000000e0000000)
  object space 48128K, 23% used [0x00000000a0000000,0x00000000a0b432c8,0x00000000a2f00000)
 Metaspace       used 23033K, capacity 23514K, committed 23808K, reserved 1069056K
  class space    used 3138K, capacity 3286K, committed 3328K, reserved 1048576K
Event: 8.069 GC heap after
Heap after GC invocations=8 (full 1):
 PSYoungGen      total 28672K, used 3654K [0x00000000e0000000, 0x00000000e2000000, 0x0000000100000000)
  eden space 24576K, 0% used [0x00000000e0000000,0x00000000e0000000,0x00000000e1800000)
  from space 4096K, 89% used [0x00000000e1800000,0x00000000e1b91bf0,0x00000000e1c00000)
  to   space 4096K, 0% used [0x00000000e1c00000,0x00000000e1c00000,0x00000000e2000000)
 ParOldGen       total 48128K, used 11532K [0x00000000a0000000, 0x00000000a2f00000, 0x00000000e0000000)
  object space 48128K, 23% used [0x00000000a0000000,0x00000000a0b432c8,0x00000000a2f00000)
 Metaspace       used 23033K, capacity 23514K, committed 23808K, reserved 1069056K
  class space    used 3138K, capacity 3286K, committed 3328K, reserved 1048576K
}
Event: 9.210 GC heap before
{Heap before GC invocations=9 (full 1):
 PSYoungGen      total 28672K, used 28230K [0x00000000e0000000, 0x00000000e2000000, 0x0000000100000000)
  eden space 24576K, 100% used [0x00000000e0000000,0x00000000e1800000,0x00000000e1800000)
  from space 4096K, 89% used [0x00000000e1800000,0x00000000e1b91bf0,0x00000000e1c00000)
  to   space 4096K, 0% used [0x00000000e1c00000,0x00000000e1c00000,0x00000000e2000000)
 ParOldGen       total 48128K, used 11532K [0x00000000a0000000, 0x00000000a2f00000, 0x00000000e0000000)
  object space 48128K, 23% used [0x00000000a0000000,0x00000000a0b432c8,0x00000000a2f00000)
 Metaspace       used 24566K, capacity 25236K, committed 25472K, reserved 1071104K
  class space    used 3434K, capacity 3622K, committed 3712K, reserved 1048576K
Event: 9.215 GC heap after
Heap after GC invocations=9 (full 1):
 PSYoungGen      total 28672K, used 3846K [0x00000000e0000000, 0x00000000e2000000, 0x0000000100000000)
  eden space 24576K, 0% used [0x00000000e0000000,0x00000000e0000000,0x00000000e1800000)
  from space 4096K, 93% used [0x00000000e1c00000,0x00000000e1fc1a60,0x00000000e2000000)
  to   space 4096K, 0% used [0x00000000e1800000,0x00000000e1800000,0x00000000e1c00000)
 ParOldGen       total 48128K, used 11540K [0x00000000a0000000, 0x00000000a2f00000, 0x00000000e0000000)
  object space 48128K, 23% used [0x00000000a0000000,0x00000000a0b452c8,0x00000000a2f00000)
 Metaspace       used 24566K, capacity 25236K, committed 25472K, reserved 1071104K
  class space    used 3434K, capacity 3622K, committed 3712K, reserved 1048576K
}
Event: 10.890 GC heap before
{Heap before GC invocations=10 (full 1):
 PSYoungGen      total 28672K, used 28422K [0x00000000e0000000, 0x00000000e2000000, 0x0000000100000000)
  eden space 24576K, 100% used [0x00000000e0000000,0x00000000e1800000,0x00000000e1800000)
  from space 4096K, 93% used [0x00000000e1c00000,0x00000000e1fc1a60,0x00000000e2000000)
  to   space 4096K, 0% used [0x00000000e1800000,0x00000000e1800000,0x00000000e1c00000)
 ParOldGen       total 48128K, used 11540K [0x00000000a0000000, 0x00000000a2f00000, 0x00000000e0000000)
  object space 48128K, 23% used [0x00000000a0000000,0x00000000a0b452c8,0x00000000a2f00000)
 Metaspace       used 26454K, capacity 27130K, committed 27264K, reserved 1073152K
  class space    used 3735K, capacity 3911K, committed 3968K, reserved 1048576K
Event: 10.898 GC heap after
Heap after GC invocations=10 (full 1):
 PSYoungGen      total 28672K, used 4091K [0x00000000e0000000, 0x00000000e3200000, 0x0000000100000000)
  eden space 24576K, 0% used [0x00000000e0000000,0x00000000e0000000,0x00000000e1800000)
  from space 4096K, 99% used [0x00000000e1800000,0x00000000e1bfeeb0,0x00000000e1c00000)
  to   space 8704K, 0% used [0x00000000e2980000,0x00000000e2980000,0x00000000e3200000)
 ParOldGen       total 48128K, used 12264K [0x00000000a0000000, 0x00000000a2f00000, 0x00000000e0000000)
  object space 48128K, 25% used [0x00000000a0000000,0x00000000a0bfa0e8,0x00000000a2f00000)
 Metaspace       used 26454K, capacity 27130K, committed 27264K, reserved 1073152K
  class space    used 3735K, capacity 3911K, committed 3968K, reserved 1048576K
}
Event: 13.491 GC heap before
{Heap before GC invocations=11 (full 1):
 PSYoungGen      total 28672K, used 28667K [0x00000000e0000000, 0x00000000e3200000, 0x0000000100000000)
  eden space 24576K, 100% used [0x00000000e0000000,0x00000000e1800000,0x00000000e1800000)
  from space 4096K, 99% used [0x00000000e1800000,0x00000000e1bfeeb0,0x00000000e1c00000)
  to   space 8704K, 0% used [0x00000000e2980000,0x00000000e2980000,0x00000000e3200000)
 ParOldGen       total 48128K, used 12264K [0x00000000a0000000, 0x00000000a2f00000, 0x00000000e0000000)
  object space 48128K, 25% used [0x00000000a0000000,0x00000000a0bfa0e8,0x00000000a2f00000)
 Metaspace       used 28072K, capacity 28780K, committed 29056K, reserved 1075200K
  class space    used 3948K, capacity 4138K, committed 4224K, reserved 1048576K
Event: 13.502 GC heap after
Heap after GC invocations=11 (full 1):
 PSYoungGen      total 41472K, used 2329K [0x00000000e0000000, 0x00000000e3200000, 0x0000000100000000)
  eden space 32768K, 0% used [0x00000000e0000000,0x00000000e0000000,0x00000000e2000000)
  from space 8704K, 26% used [0x00000000e2980000,0x00000000e2bc66e8,0x00000000e3200000)
  to   space 9216K, 0% used [0x00000000e2000000,0x00000000e2000000,0x00000000e2900000)
 ParOldGen       total 48128K, used 14720K [0x00000000a0000000, 0x00000000a2f00000, 0x00000000e0000000)
  object space 48128K, 30% used [0x00000000a0000000,0x00000000a0e60118,0x00000000a2f00000)
 Metaspace       used 28072K, capacity 28780K, committed 29056K, reserved 1075200K
  class space    used 3948K, capacity 4138K, committed 4224K, reserved 1048576K
}

Deoptimization events (10 events):
Event: 13.073 Thread 0x0000000018864800 Uncommon trap: reason=bimorphic action=maybe_recompile pc=0x0000000002f844a0 method=java.util.regex.Pattern$Start.match(Ljava/util/regex/Matcher;ILjava/lang/CharSequence;)Z @ 44
Event: 13.088 Thread 0x0000000018864800 Uncommon trap: reason=bimorphic action=maybe_recompile pc=0x0000000002f844a0 method=java.util.regex.Pattern$Start.match(Ljava/util/regex/Matcher;ILjava/lang/CharSequence;)Z @ 44
Event: 13.483 Thread 0x0000000018864800 Uncommon trap: reason=unstable_if action=reinterpret pc=0x0000000002fc1b24 method=org.apache.xerces.impl.XMLEntityScanner.scanContent(Lorg/apache/xerces/xni/XMLString;)I @ 461
Event: 13.488 Thread 0x0000000018864800 Uncommon trap: reason=unstable_if action=reinterpret pc=0x0000000002fc5840 method=org.apache.xerces.dom.DeferredDocumentImpl.ensureCapacity(I)V @ 281
Event: 13.490 Thread 0x0000000018864800 Uncommon trap: reason=unstable_if action=reinterpret pc=0x0000000002f25bcc method=org.apache.xerces.dom.ParentNode.nodeListGetLength()I @ 22
Event: 13.519 Thread 0x0000000018864800 Uncommon trap: reason=unstable_if action=reinterpret pc=0x0000000002f2a69c method=org.apache.xerces.dom.ParentNode.nodeListGetLength()I @ 22
Event: 13.607 Thread 0x0000000018864800 Uncommon trap: reason=unstable_if action=reinterpret pc=0x0000000003022f30 method=org.apache.xerces.parsers.AbstractDOMParser.characters(Lorg/apache/xerces/xni/XMLString;Lorg/apache/xerces/xni/Augmentations;)V @ 266
Event: 14.847 Thread 0x0000000018864800 Uncommon trap: reason=unstable_if action=reinterpret pc=0x0000000002fdd538 method=org.apache.xerces.impl.XMLEntityScanner.skipSpaces()Z @ 70
Event: 14.847 Thread 0x0000000018864800 Uncommon trap: reason=unstable_if action=reinterpret pc=0x000000000300029c method=org.apache.xerces.impl.XMLEntityScanner.scanContent(Lorg/apache/xerces/xni/XMLString;)I @ 134
Event: 14.849 Thread 0x0000000018864800 Uncommon trap: reason=unstable_if action=reinterpret pc=0x0000000002f81384 method=org.apache.xerces.impl.XMLEntityScanner.skipSpaces()Z @ 70

Internal exceptions (10 events):
Event: 8.264 Thread 0x0000000018864800 Exception <a 'java/lang/ClassNotFoundException': org/gradle/tooling/provider/model/internal/DefaultToolingModelBuilderRegistryCustomizer> (0x00000000e0982718) thrown at [C:\re\workspace\8-2-build-windows-amd64-cygwin\jdk8u91\7017\hotspot\src\share\vm\class{¿>KC!@
Event: 8.631 Thread 0x0000000018864800 Exception <a 'java/lang/ClassNotFoundException': build_am1wbvxgufcvixbx0qvhbxsvBeanInfo> (0x00000000e0dc9cc0) thrown at [C:\re\workspace\8-2-build-windows-amd64-cygwin\jdk8u91\7017\hotspot\src\share\vm\classfile\systemDictionary.cpp, line 210]
Event: 8.632 Thread 0x0000000018864800 Exception <a 'java/lang/ClassNotFoundException': org/gradle/api/internal/project/ProjectScriptBeanInfo> (0x00000000e0dd8d38) thrown at [C:\re\workspace\8-2-build-windows-amd64-cygwin\jdk8u91\7017\hotspot\src\share\vm\classfile\systemDictionary.cpp, line 21
Event: 8.633 Thread 0x0000000018864800 Exception <a 'java/lang/ClassNotFoundException': org/gradle/api/internal/project/ProjectScriptCustomizer> (0x00000000e0de8140) thrown at [C:\re\workspace\8-2-build-windows-amd64-cygwin\jdk8u91\7017\hotspot\src\share\vm\classfile\systemDictionary.cpp, line ŠV	!¯D!@
Event: 8.634 Thread 0x0000000018864800 Exception <a 'java/lang/ClassNotFoundException': build_am1wbvxgufcvixbx0qvhbxsvCustomizer> (0x00000000e0e05f88) thrown at [C:\re\workspace\8-2-build-windows-amd64-cygwin\jdk8u91\7017\hotspot\src\share\vm\classfile\systemDictionary.cpp, line 210]
Event: 9.220 Thread 0x0000000018864800 Exception <a 'java/lang/ClassNotFoundException': org/gradle/api/internal/artifacts/dsl/dependencies/DefaultDependencyHandler_DecoratedBeanInfo> (0x00000000e0027180) thrown at [C:\re\workspace\8-2-build-windows-amd64-cygwin\jdk8u91\7017\hotspot\src\share\vm Çúx·p"@
Event: 9.220 Thread 0x0000000018864800 Exception <a 'java/lang/ClassNotFoundException': org/gradle/api/internal/artifacts/dsl/dependencies/DefaultDependencyHandlerBeanInfo> (0x00000000e00513e0) thrown at [C:\re\workspace\8-2-build-windows-amd64-cygwin\jdk8u91\7017\hotspot\src\share\vm\classfile3ó6zq"@
Event: 9.221 Thread 0x0000000018864800 Exception <a 'java/lang/ClassNotFoundException': org/gradle/api/internal/artifacts/dsl/dependencies/DefaultDependencyHandlerCustomizer> (0x00000000e0084598) thrown at [C:\re\workspace\8-2-build-windows-amd64-cygwin\jdk8u91\7017\hotspot\src\share\vm\classfisÀ!þq"@
Event: 9.223 Thread 0x0000000018864800 Exception <a 'java/lang/ClassNotFoundException': org/gradle/api/internal/artifacts/dsl/dependencies/DefaultDependencyHandler_DecoratedCustomizer> (0x00000000e00c2a48) thrown at [C:\re\workspace\8-2-build-windows-amd64-cygwin\jdk8u91\7017\hotspot\src\share\?X;ÿŸ$@
Event: 10.312 Thread 0x0000000018864800 Implicit null exception at 0x0000000002ad5fa2 to 0x0000000002ad647d

Events (10 events):
Event: 14.722 Thread 0x0000000018864800 DEOPT UNPACKING pc=0x000000000263787f sp=0x000000001a3bb168 mode 0
Event: 14.847 Thread 0x0000000018864800 Uncommon trap: trap_request=0xffffff65 fr.pc=0x0000000002fdd538
Event: 14.847 Thread 0x0000000018864800 DEOPT PACKING pc=0x0000000002fdd538 sp=0x000000001a3bb3f0
Event: 14.847 Thread 0x0000000018864800 DEOPT UNPACKING pc=0x000000000263582a sp=0x000000001a3bb328 mode 2
Event: 14.847 Thread 0x0000000018864800 Uncommon trap: trap_request=0xffffff65 fr.pc=0x000000000300029c
Event: 14.847 Thread 0x0000000018864800 DEOPT PACKING pc=0x000000000300029c sp=0x000000001a3bb4a0
Event: 14.847 Thread 0x0000000018864800 DEOPT UNPACKING pc=0x000000000263582a sp=0x000000001a3bb440 mode 2
Event: 14.849 Thread 0x0000000018864800 Uncommon trap: trap_request=0xffffff65 fr.pc=0x0000000002f81384
Event: 14.850 Thread 0x0000000018864800 DEOPT PACKING pc=0x0000000002f81384 sp=0x000000001a3bb520
Event: 14.850 Thread 0x0000000018864800 DEOPT UNPACKING pc=0x000000000263582a sp=0x000000001a3bb4a8 mode 2


Dynamic libraries:
0x00007ff67f300000 - 0x00007ff67f337000 	C:\Program Files\Java\jdk1.8.0_91\bin\java.exe
0x00007ff9bcd50000 - 0x00007ff9bcf31000 	C:\WINDOWS\SYSTEM32\ntdll.dll
0x00007ff9bab90000 - 0x00007ff9bac42000 	C:\WINDOWS\System32\KERNEL32.DLL
0x00007ff9b9190000 - 0x00007ff9b9403000 	C:\WINDOWS\System32\KERNELBASE.dll
0x00007ff9bb190000 - 0x00007ff9bb231000 	C:\WINDOWS\System32\ADVAPI32.dll
0x00007ff9ba480000 - 0x00007ff9ba51e000 	C:\WINDOWS\System32\msvcrt.dll
0x00007ff9bcc90000 - 0x00007ff9bcceb000 	C:\WINDOWS\System32\sechost.dll
0x00007ff9ba520000 - 0x00007ff9ba644000 	C:\WINDOWS\System32\RPCRT4.dll
0x00007ff9ba1f0000 - 0x00007ff9ba380000 	C:\WINDOWS\System32\USER32.dll
0x00007ff9b9120000 - 0x00007ff9b9140000 	C:\WINDOWS\System32\win32u.dll
0x00007ff9bcb90000 - 0x00007ff9bcbb8000 	C:\WINDOWS\System32\GDI32.dll
0x00007ff9b9e90000 - 0x00007ff9ba022000 	C:\WINDOWS\System32\gdi32full.dll
0x00007ff9ba030000 - 0x00007ff9ba0cf000 	C:\WINDOWS\System32\msvcp_win.dll
0x00007ff9b9410000 - 0x00007ff9b950a000 	C:\WINDOWS\System32\ucrtbase.dll
0x00007ff9ab760000 - 0x00007ff9ab9c9000 	C:\WINDOWS\WinSxS\amd64_microsoft.windows.common-controls_6595b64144ccf1df_6.0.17134.285_none_fb4297e330656775\COMCTL32.dll
0x00007ff9bc6b0000 - 0x00007ff9bc9d3000 	C:\WINDOWS\System32\combase.dll
0x00007ff9b9510000 - 0x00007ff9b958a000 	C:\WINDOWS\System32\bcryptPrimitives.dll
0x00007ff9bb240000 - 0x00007ff9bb26d000 	C:\WINDOWS\System32\IMM32.DLL
0x000000005f070000 - 0x000000005f142000 	C:\Program Files\Java\jdk1.8.0_91\jre\bin\msvcr100.dll
0x000000005d750000 - 0x000000005dfe3000 	C:\Program Files\Java\jdk1.8.0_91\jre\bin\server\jvm.dll
0x00007ff9ba1e0000 - 0x00007ff9ba1e8000 	C:\WINDOWS\System32\PSAPI.DLL
0x00007ff9afaa0000 - 0x00007ff9afaa9000 	C:\WINDOWS\SYSTEM32\WSOCK32.dll
0x00007ff9bac50000 - 0x00007ff9bacbc000 	C:\WINDOWS\System32\WS2_32.dll
0x00007ff9abb50000 - 0x00007ff9abb73000 	C:\WINDOWS\SYSTEM32\WINMM.dll
0x00007ff9b7b20000 - 0x00007ff9b7b2a000 	C:\WINDOWS\SYSTEM32\VERSION.dll
0x00007ff9abb20000 - 0x00007ff9abb4a000 	C:\WINDOWS\SYSTEM32\WINMMBASE.dll
0x00007ff9b9140000 - 0x00007ff9b9189000 	C:\WINDOWS\System32\cfgmgr32.dll
0x000000005f060000 - 0x000000005f06f000 	C:\Program Files\Java\jdk1.8.0_91\jre\bin\verify.dll
0x000000005f030000 - 0x000000005f059000 	C:\Program Files\Java\jdk1.8.0_91\jre\bin\java.dll
0x000000005f010000 - 0x000000005f026000 	C:\Program Files\Java\jdk1.8.0_91\jre\bin\zip.dll
0x00007ff9bb270000 - 0x00007ff9bc6b0000 	C:\WINDOWS\System32\SHELL32.dll
0x00007ff9bb0e0000 - 0x00007ff9bb189000 	C:\WINDOWS\System32\shcore.dll
0x00007ff9b9590000 - 0x00007ff9b9c9d000 	C:\WINDOWS\System32\windows.storage.dll
0x00007ff9ba420000 - 0x00007ff9ba471000 	C:\WINDOWS\System32\shlwapi.dll
0x00007ff9b9100000 - 0x00007ff9b9111000 	C:\WINDOWS\System32\kernel.appcore.dll
0x00007ff9b90c0000 - 0x00007ff9b90df000 	C:\WINDOWS\System32\profapi.dll
0x00007ff9b9060000 - 0x00007ff9b90ac000 	C:\WINDOWS\System32\powrprof.dll
0x00007ff9b90b0000 - 0x00007ff9b90ba000 	C:\WINDOWS\System32\FLTLIB.DLL
0x000000005eff0000 - 0x000000005f00a000 	C:\Program Files\Java\jdk1.8.0_91\jre\bin\net.dll
0x00007ff9b88e0000 - 0x00007ff9b8946000 	C:\WINDOWS\system32\mswsock.dll
0x000000005efd0000 - 0x000000005efe1000 	C:\Program Files\Java\jdk1.8.0_91\jre\bin\nio.dll
0x00007ff9a1470000 - 0x00007ff9a1482000 	C:\Users\Shaimaa Derbaz\.gradle\native\19\windows-amd64\native-platform.dll
0x00007ff9b8a90000 - 0x00007ff9b8aa7000 	C:\WINDOWS\SYSTEM32\CRYPTSP.dll
0x00007ff9b84c0000 - 0x00007ff9b84f3000 	C:\WINDOWS\system32\rsaenh.dll
0x00007ff9b8bc0000 - 0x00007ff9b8be5000 	C:\WINDOWS\SYSTEM32\bcrypt.dll
0x00007ff9b8f60000 - 0x00007ff9b8f88000 	C:\WINDOWS\SYSTEM32\USERENV.dll
0x00007ff9b8ab0000 - 0x00007ff9b8abb000 	C:\WINDOWS\SYSTEM32\CRYPTBASE.dll
0x00007ff9b8660000 - 0x00007ff9b8698000 	C:\WINDOWS\SYSTEM32\IPHLPAPI.DLL
0x00007ff9bcb80000 - 0x00007ff9bcb88000 	C:\WINDOWS\System32\NSI.dll
0x00007ff9b3150000 - 0x00007ff9b3166000 	C:\WINDOWS\SYSTEM32\dhcpcsvc6.DLL
0x00007ff9b3740000 - 0x00007ff9b375a000 	C:\WINDOWS\SYSTEM32\dhcpcsvc.DLL
0x000000005efc0000 - 0x000000005efcd000 	C:\Program Files\Java\jdk1.8.0_91\jre\bin\management.dll

VM Arguments:
jvm_args: -Xmx1536m -Dfile.encoding=windows-1252 -Duser.country=US -Duser.language=en -Duser.variant 
java_command: org.gradle.launcher.daemon.bootstrap.GradleDaemon 2.14.1
java_class_path (initial): C:\Users\Shaimaa Derbaz\.gradle\wrapper\dists\gradle-2.14.1-all\8bnwg5hd3w55iofp58khbp6yv\gradle-2.14.1\lib\gradle-launcher-2.14.1.jar
Launcher Type: SUN_STANDARD

Environment Variables:
PATH=C:\Program Files\Microsoft HPC Pack 2012\Bin\;C:\ProgramData\Oracle\Java\javapath;C:\Program Files (x86)\Lenovo\FusionEngine;C:\WINDOWS\system32;C:\WINDOWS;C:\WINDOWS\System32\Wbem;C:\WINDOWS\System32\WindowsPowerShell\v1.0\;C:\Program Files (x86)\ATI Technologies\ATI.ACE\Core-Static;C:\Program Files\Microsoft SQL Server\110\Tools\Binn\;C:\Users\Shaimaa Derbaz\Desktop\Shaimaa Derbazg\FCI materials\FCI CS 4\graduation Project\OpenCV\opencv\build\x86\vc10\bin;C:\Program Files\MATLAB\MATLAB Production Server\R2015a\runtime\win64;C:\Program Files\MATLAB\MATLAB Production Server\R2015a\bin;C:\Program Files\MATLAB\R2011a\runtime\win64;C:\Program Files\MATLAB\R2011a\bin;C:\Program Files\MiKTeX 2.9\miktex\bin\x64\;C:\Program Files\Java\jre1.8.0_74\bin;C:\Program Files (x86)\Java\jre1.8.0_91\bin;C:\Program Files\Java\jre1.8.0_91\bin;C:\Program Files\MATLAB\MATLAB Production Server\R2015a\polyspace\bin;C:\Program Files\Git\cmd;C:\Program Files\TortoiseGit\bin;C:\Program Files\Java\jdk1.7.0_25\bin;C:\Program Files\Java\jdk1.8.0_91\bin;C:\WINDOWS\system32;C:\WINDOWS;C:\WINDOWS\System32\Wbem;C:\WINDOWS\System32\WindowsPowerShell\v1.0\;C:\Program Files\apache-maven-3.3.9-src\apache-maven-3.3.9\apache-maven\src\bin;C:\Program Files\Intel\WiFi\bin\;C:\Program Files\Common Files\Intel\WirelessCommon\;C:\ProgramData\ComposerSetup\bin;C:\WINDOWS\System32\OpenSSH\;C:\Users\Shaimaa Derbaz\AppData\Local\Microsoft\WindowsApps;C:\AppServ\Apache24\bin;C:\AppServ\php5;C:\AppServ\MySQL\bin;C:\Users\Shaimaa Derbaz\AppData\Roaming\Composer\vendor\bin;
USERNAME=Shaimaa Derbaz
OS=Windows_NT
PROCESSOR_IDENTIFIER=Intel64 Family 6 Model 61 Stepping 4, GenuineIntel



---------------  S Y S T E M  ---------------

OS: Windows 10.0 , 64 bit Build 17134 (10.0.17134.1)

CPU:total 4 (2 cores per cpu, 2 threads per core) family 6 model 61 stepping 4, cmov, cx8, fxsr, mmx, sse, sse2, sse3, ssse3, sse4.1, sse4.2, popcnt, avx, avx2, aes, clmul, erms, 3dnowpref, lzcnt, ht, tsc, tscinvbit, bmi1, bmi2, adx

Memory: 4k page, physical 6203856k(1158948k free), swap 25078224k(6112k free)

vm_info: Java HotSpot(TM) 64-Bit Server VM (25.91-b15) for windows-amd64 JRE (1.8.0_91-b15), built on May 20 2016 17:43:15 by "java_re" with MS VC++ 10.0 (VS2010)

time: Thu Oct 04 23:37:56 2018
elapsed time: 14 seconds (0d 0h 0m 14s)

